Removed Pin From Net: NetName=GND Pin=C4-1
Removed Pin From Net: NetName=3.3V Pin=C4-2
Removed Pin From Net: NetName=VBUS Pin=D3-2
Remove Pin from Net: Failed to remove Pin
Remove Pin from Net: Failed to remove Pin
Remove Pin from Net: Failed to remove Pin
Remove Pin from Net: Failed to remove Pin
Remove Pin from Net: Failed to remove Pin
Remove Pin from Net: Failed to remove Pin
Remove Pin from Net: Failed to remove Pin
Remove Pin from Net: Unknown Pin: Pin J?-7
Removed Pin From Net: NetName=RTS Pin=R4-1
Removed Pin From Net: NetName=NetQ1_1 Pin=R4-2
Removed Pin From Net: NetName=DTR Pin=R5-1
Removed Pin From Net: NetName=NetQ2_1 Pin=R5-2
Removed Pin From Net: NetName=D+_USB Pin=U3-3
Removed Pin From Net: NetName=D-_USB Pin=U3-4
Removed Pin From Net: NetName=3.3V Pin=U3-5
Removed Pin From Net: NetName=3.3V Pin=U3-6
Removed Pin From Net: NetName=3.3V Pin=U3-7
Removed Pin From Net: NetName=VBUS Pin=U3-8
Removed Pin From Net: NetName=RTS Pin=U3-19
Removed Pin From Net: NetName=TX_D Pin=U3-20
Removed Pin From Net: NetName=RX_D Pin=U3-21
Removed Pin From Net: NetName=DTR Pin=U3-23
Removed Pin From Net: NetName=GND Pin=U3-25
Removed Member From Class: ClassName=IC_Schema Member=Q1
Removed Member From Class: ClassName=IC_Schema Member=Q2
Change Component Footprint: Designator=U3 Old Footprint=FP-CP2104-F03-GMR-MFG New Footprint=SOT95P270X145-5N
Change Component Footprint: Designator=Q2 Old Footprint=INF-PG-SOT23_M New Footprint=FP-SS8050-G-MFG
Change Component Footprint: Designator=R4 Old Footprint=RES_1206 New Footprint=RES_0603
Change Component Footprint: Designator=R5 Old Footprint=RES_1206 New Footprint=RES_0603
Change Component Comment : Designator=Q2 Old Comment=2N7002 New Comment=SS8050-G
Change Component Comment : Designator=R4 Old Comment=10k New Comment=22k
Change Component Comment : Designator=R5 Old Comment=10k New Comment=470
Change Component Comment : Designator=U3 Old Comment=CP2104-F03-GMR New Comment=MCP73831T-3ACI/OT
Change Component Designator: OldDesignator=C1 NewDesignator=C7
Change Component Designator: OldDesignator=C5 NewDesignator=C1
Change Component Designator: OldDesignator=C6 NewDesignator=C4
Change Component Designator: OldDesignator=C7 NewDesignator=C8
Change Component Designator: OldDesignator=D4 NewDesignator=D5
Change Component Designator: OldDesignator=J? NewDesignator=J3
Change Component Designator: OldDesignator=J? NewDesignator=J4
Change Component Designator: OldDesignator=P? NewDesignator=P1
Change Component Designator: OldDesignator=R1 NewDesignator=R6
Change Component Designator: OldDesignator=R6 NewDesignator=R1
Change Component Designator: OldDesignator=U1 NewDesignator=U2
Change Component Designator: OldDesignator=U2 NewDesignator=U1
Change Managed Component Library Link : Designator=Q2 Old VaultGUID=B7D15EC3-160A-466F-A46C-7801FE6295A7 New VaultGUID=B7D15EC3-160A-466F-A46C-7801FE6295A7 Old ItemGUID=C0FBE270-828C-4C77-8591-105028A663A1 New ItemGUID=5F61B201-018A-4095-B124-0D21E8356FC7 Old RevisionGUID=5169901C-CD1C-438C-8D14-0957F6C396E3 New RevisionGUID=887F140C-C63F-413C-BF5E-E71EA6595A28
Change Managed Component Library Link : Designator=U3 Old VaultGUID=B7D15EC3-160A-466F-A46C-7801FE6295A7 New VaultGUID= Old ItemGUID=1CAA9E41-E881-4115-950E-622C100316D4 New ItemGUID= Old RevisionGUID=5351AD4D-CCA6-478A-907B-DB5DEF605DAF New RevisionGUID=
Change component parameters: Designator = "Q2" ("Q2"); Footprint = "INF-PG-SOT23_M"; UniqueID = "\IAZKSGUC" ("\IAZKSGUC")
Change component parameters (AddParameter): Name = "Case/Package"; Value = "TO-236-3"; VariantName = "[No Variations]"
Change component parameters (AddParameter): Name = "Collector Emitter Breakdown Voltage"; Value = "25V"; VariantName = "[No Variations]"
Change component parameters (AddParameter): Name = "Collector Emitter Voltage (VCEO)"; Value = "400mV"; VariantName = "[No Variations]"
Change component parameters (AddParameter): Name = "Max Breakdown Voltage"; Value = "25V"; VariantName = "[No Variations]"
Change component parameters (AddParameter): Name = "Max Collector Current"; Value = "1.5A"; VariantName = "[No Variations]"
Change component parameters (AddParameter): Name = "Max Power Dissipation"; Value = "300mW"; VariantName = "[No Variations]"
Change component parameters (AddParameter): Name = "Mount"; Value = "Surface Mount"; VariantName = "[No Variations]"
Change component parameters (AddParameter): Name = "Packaging"; Value = "Tape and Reel"; VariantName = "[No Variations]"
Change component parameters (AddParameter): Name = "RoHS Compliant"; Value = "Yes"; VariantName = "[No Variations]"
Change component parameters (AddParameter): Name = "Transition Frequency"; Value = "100MHz"; VariantName = "[No Variations]"
Change component parameters: Designator = "U3" ("U3"); Footprint = "FP-CP2104-F03-GMR-MFG"; UniqueID = "\IFGHLAJS" ("\IFGHLAJS")
Change component parameters (AddParameter): Name = "Arrow_Electronics-Purchase-URL"; Value = "https://snapeda.com/shop?store=Arrow+Electronics&id=1099789"; VariantName = "[No Variations]"
Change component parameters (AddParameter): Name = "Arrow_Purchase_URL"; Value = ""; VariantName = "[No Variations]"
Change component parameters (AddParameter): Name = "MF"; Value = "Microchip"; VariantName = "[No Variations]"
Change component parameters (AddParameter): Name = "Mouser-Purchase-URL"; Value = "https://snapeda.com/shop?store=Mouser&id=1099789"; VariantName = "[No Variations]"
Change component parameters (AddParameter): Name = "MP"; Value = "MCP73831T-3ACI/OT"; VariantName = "[No Variations]"
Change component parameters (AddParameter): Name = "Package"; Value = "SOT-23-5 Microchip"; VariantName = "[No Variations]"
Change component parameters (AddParameter): Name = "SnapEDA_Link"; Value = "https://www.snapeda.com/parts/MCP73831T-3ACI/OT/Microchip/view-part/1099789/?ref=snap"; VariantName = "[No Variations]"
Change component parameters (AddParameter): Name = "Value"; Value = ""; VariantName = "[No Variations]"
Added Component: Designator=C5(CAP_0603)
Added Component: Designator=C6(CAP_0603)
Added Component: Designator=C9(CAP_1206)
Added Component: Designator=C10(CAP_1206)
Added Component: Designator=C11(CAP_1206)
Added Component: Designator=C12(CAP_1206)
Added Component: Designator=C13(CAP_0603)
Added Component: Designator=C14(CAP_0603)
Added Component: Designator=D4(LED_0402_GREEN)
Added Component: Designator=D6(LED_1206)
Add component (AddParameter): Name = "Availability"; Value = "Unavailable"; VariantName = "[No Variations]"
Add component (AddParameter): Name = "MF"; Value = "Lite-On Inc."; VariantName = "[No Variations]"
Add component (AddParameter): Name = "MP"; Value = "LTST-C230KSKT"; VariantName = "[No Variations]"
Add component (AddParameter): Name = "Package"; Value = "1206 Lite-On"; VariantName = "[No Variations]"
Add component (AddParameter): Name = "Price"; Value = "None"; VariantName = "[No Variations]"
Add component (AddParameter): Name = "SnapEDA_Link"; Value = "https://www.snapeda.com/parts/LTST-C230KSKT/Lite-On%20Inc./view-part/264912/?ref=snap"; VariantName = "[No Variations]"
Add component (AddParameter): Name = "Value"; Value = ""; VariantName = "[No Variations]"
Added Component: Designator=D7(LED_1206)
Add component (AddParameter): Name = "Availability"; Value = "Unavailable"; VariantName = "[No Variations]"
Add component (AddParameter): Name = "MF"; Value = "Lite-On Inc."; VariantName = "[No Variations]"
Add component (AddParameter): Name = "MP"; Value = "LTST-C230KSKT"; VariantName = "[No Variations]"
Add component (AddParameter): Name = "Package"; Value = "1206 Lite-On"; VariantName = "[No Variations]"
Add component (AddParameter): Name = "Price"; Value = "None"; VariantName = "[No Variations]"
Add component (AddParameter): Name = "SnapEDA_Link"; Value = "https://www.snapeda.com/parts/LTST-C230KSKT/Lite-On%20Inc./view-part/264912/?ref=snap"; VariantName = "[No Variations]"
Add component (AddParameter): Name = "Value"; Value = ""; VariantName = "[No Variations]"
Added Component: Designator=J2(FP-HTSW-104-07-G-D-MFG)
Add component (AddParameter): Name = "Automotive"; Value = "No"; VariantName = "[No Variations]"
Add component (AddParameter): Name = "Category"; Value = "Conn"; VariantName = "[No Variations]"
Add component (AddParameter): Name = "ComponentLink2Description"; Value = "Datasheet"; VariantName = "[No Variations]"
Add component (AddParameter): Name = "ComponentLink2URL"; Value = "http://suddendocs.samtec.com/prints/htsw-xxx-xx-xxx-x-xx-xx-xx-mkt.pdf"; VariantName = "[No Variations]"
Add component (AddParameter): Name = "Conn Gender"; Value = "Male"; VariantName = "[No Variations]"
Add component (AddParameter): Name = "Conn Orientation"; Value = "Straight"; VariantName = "[No Variations]"
Add component (AddParameter): Name = "Contact Material"; Value = "Gold,Nickel"; VariantName = "[No Variations]"
Add component (AddParameter): Name = "Current Rating"; Value = "6.3A"; VariantName = "[No Variations]"
Add component (AddParameter): Name = "Device Class L1"; Value = "Connectors"; VariantName = "[No Variations]"
Add component (AddParameter): Name = "Device Class L2"; Value = "Headers and Wire Housings"; VariantName = "[No Variations]"
Add component (AddParameter): Name = "Device Class L3"; Value = "unset"; VariantName = "[No Variations]"
Add component (AddParameter): Name = "Digikey Description"; Value = "CONN HEADER VERT 8POS 2.54MM"; VariantName = "[No Variations]"
Add component (AddParameter): Name = "Footprint Url"; Value = "http://suddendocs.samtec.com/prints/htsw-xxx-xx-xxx-x-xx-xx-xx-footprint.pdf"; VariantName = "[No Variations]"
Add component (AddParameter): Name = "Height"; Value = "8.71mm"; VariantName = "[No Variations]"
Add component (AddParameter): Name = "Lead Free"; Value = "Yes"; VariantName = "[No Variations]"
Add component (AddParameter): Name = "Manufacturer"; Value = "Samtec"; VariantName = "[No Variations]"
Add component (AddParameter): Name = "Manufacturer Part Number"; Value = "HTSW-104-07-G-D"; VariantName = "[No Variations]"
Add component (AddParameter): Name = "Number Of Contacts"; Value = "8"; VariantName = "[No Variations]"
Add component (AddParameter): Name = "Number Of Rows"; Value = "2"; VariantName = "[No Variations]"
Add component (AddParameter): Name = "Octopart"; Value = "https://octopart.com/htsw-104-07-g-d-samtec-10613822"; VariantName = "[No Variations]"
Add component (AddParameter): Name = "Package"; Value = "HTSW-104-07-G-D"; VariantName = "[No Variations]"
Add component (AddParameter): Name = "Pitch"; Value = "2.54mm"; VariantName = "[No Variations]"
Add component (AddParameter): Name = "RoHS"; Value = "TRUE"; VariantName = "[No Variations]"
Add component (AddParameter): Name = "Temperature"; Value = "-55°C to +125°C"; VariantName = "[No Variations]"
Add component (AddParameter): Name = "Temperature Range High"; Value = "+125°C"; VariantName = "[No Variations]"
Add component (AddParameter): Name = "Temperature Range Low"; Value = "-55°C"; VariantName = "[No Variations]"
Add component (AddParameter): Name = "Voltage Rating"; Value = "550V"; VariantName = "[No Variations]"
Added Component: Designator=J5(SMTC-SSW-106-02-X-S)
Add component (AddParameter): Name = "ComponentLink1Description"; Value = "Manufacturer URL"; VariantName = "[No Variations]"
Add component (AddParameter): Name = "ComponentLink1URL"; Value = "http://www.samtec.com"; VariantName = "[No Variations]"
Add component (AddParameter): Name = "ComponentLink2Description"; Value = "Datasheet"; VariantName = "[No Variations]"
Add component (AddParameter): Name = "ComponentLink2URL"; Value = "http://www.samtec.com/documents/webfiles/pdf/SSW_TH.PDF"; VariantName = "[No Variations]"
Add component (AddParameter): Name = "ComponentLink3Description"; Value = "Package Specification"; VariantName = "[No Variations]"
Add component (AddParameter): Name = "ComponentLink3URL"; Value = "http://www.samtec.com/documents/webfiles/cpdf/SSW-1XX-XX-XXX-X-XX-XXX-XX-MKT.pdf"; VariantName = "[No Variations]"
Add component (AddParameter): Name = "DatasheetVersion"; Value = "F-214"; VariantName = "[No Variations]"
Add component (AddParameter): Name = "Manufacturer"; Value = "Samtec"; VariantName = "[No Variations]"
Add component (AddParameter): Name = "Mounting Technology"; Value = "Through-hole"; VariantName = "[No Variations]"
Add component (AddParameter): Name = "Orientation"; Value = "Vertical"; VariantName = "[No Variations]"
Add component (AddParameter): Name = "PackageDescription"; Value = "Assembly, Socket Strip .016 X .031 Tail"; VariantName = "[No Variations]"
Add component (AddParameter): Name = "PackageReference"; Value = "SSW-106-02-X-S"; VariantName = "[No Variations]"
Add component (AddParameter): Name = "PackageVersion"; Value = "CA, 6/1987"; VariantName = "[No Variations]"
Add component (AddParameter): Name = "PartNumber"; Value = "SSW-106-02-G-S"; VariantName = "[No Variations]"
Add component (AddParameter): Name = "Pitch"; Value = "2.54 mm"; VariantName = "[No Variations]"
Add component (AddParameter): Name = "RoHS"; Value = "True"; VariantName = "[No Variations]"
Add component (AddParameter): Name = "Temperature Range"; Value = "-55 to 125 degC"; VariantName = "[No Variations]"
Added Component: Designator=MK1(MIC_AOM-6738P-R)
Add component (AddParameter): Name = "Availability"; Value = "Unavailable"; VariantName = "[No Variations]"
Add component (AddParameter): Name = "MF"; Value = "PUI"; VariantName = "[No Variations]"
Add component (AddParameter): Name = "MP"; Value = "AOM-6738P-R"; VariantName = "[No Variations]"
Add component (AddParameter): Name = "Package"; Value = "PUI"; VariantName = "[No Variations]"
Add component (AddParameter): Name = "Price"; Value = "None"; VariantName = "[No Variations]"
Add component (AddParameter): Name = "SnapEDA_Link"; Value = "https://www.snapeda.com/parts/AOM-6738P-R/PUI%20Audio%2C%20Inc./view-part/246102/?ref=snap"; VariantName = "[No Variations]"
Add component (AddParameter): Name = "Value"; Value = ""; VariantName = "[No Variations]"
Added Component: Designator=Q3(FP-SS8050-G-MFG)
Add component (AddParameter): Name = "Case/Package"; Value = "TO-236-3"; VariantName = "[No Variations]"
Add component (AddParameter): Name = "Collector Emitter Breakdown Voltage"; Value = "25V"; VariantName = "[No Variations]"
Add component (AddParameter): Name = "Collector Emitter Voltage (VCEO)"; Value = "400mV"; VariantName = "[No Variations]"
Add component (AddParameter): Name = "Max Breakdown Voltage"; Value = "25V"; VariantName = "[No Variations]"
Add component (AddParameter): Name = "Max Collector Current"; Value = "1.5A"; VariantName = "[No Variations]"
Add component (AddParameter): Name = "Max Power Dissipation"; Value = "300mW"; VariantName = "[No Variations]"
Add component (AddParameter): Name = "Mount"; Value = "Surface Mount"; VariantName = "[No Variations]"
Add component (AddParameter): Name = "Packaging"; Value = "Tape and Reel"; VariantName = "[No Variations]"
Add component (AddParameter): Name = "RoHS Compliant"; Value = "Yes"; VariantName = "[No Variations]"
Add component (AddParameter): Name = "Transition Frequency"; Value = "100MHz"; VariantName = "[No Variations]"
Added Component: Designator=Q4(INF-PG-SOT23_M)
Add component (AddParameter): Name = "ComponentLink1Description"; Value = "Manufacturer URL"; VariantName = "[No Variations]"
Add component (AddParameter): Name = "ComponentLink1URL"; Value = "http://www.infineon.com/"; VariantName = "[No Variations]"
Add component (AddParameter): Name = "ComponentLink2Description"; Value = "Datasheet"; VariantName = "[No Variations]"
Add component (AddParameter): Name = "ComponentLink2URL"; Value = "http://www.infineon.com/dgdl/2N7002_Rev2.4.pdf?folderId=db3a3043156fd573011622e10b5c1f67&fileId=db3a304319bc939a0119c2a9461e79e6"; VariantName = "[No Variations]"
Add component (AddParameter): Name = "ComponentLink3Description"; Value = "Package Specification"; VariantName = "[No Variations]"
Add component (AddParameter): Name = "ComponentLink3URL"; Value = "http://www.infineon.com/dgdl/SOT23-Package_Overview.pdf?folderId=db3a30431936bc4b0119532290053c66&fileId=db3a30431936bc4b0119533468123c85"; VariantName = "[No Variations]"
Add component (AddParameter): Name = "DatasheetVersion"; Value = "Rev. 2.4"; VariantName = "[No Variations]"
Add component (AddParameter): Name = "Green"; Value = "TRUE"; VariantName = "[No Variations]"
Add component (AddParameter): Name = "Halogen-free"; Value = "TRUE"; VariantName = "[No Variations]"
Add component (AddParameter): Name = "ID (max)"; Value = "0.3Â A"; VariantName = "[No Variations]"
Add component (AddParameter): Name = "IDpuls (max)"; Value = "1.2Â A"; VariantName = "[No Variations]"
Add component (AddParameter): Name = "Manufacturer"; Value = "Infineon"; VariantName = "[No Variations]"
Add component (AddParameter): Name = "Mounting Technology"; Value = "Surface Mount"; VariantName = "[No Variations]"
Add component (AddParameter): Name = "PackageDescription"; Value = "3-Pin Small Outline Transistor Package, 2.9 x 1.3 mm Body, 0.95 mm Pitch"; VariantName = "[No Variations]"
Add component (AddParameter): Name = "PackageReference"; Value = "PG-SOT23"; VariantName = "[No Variations]"
Add component (AddParameter): Name = "PackageVersion"; Value = "Apr-08"; VariantName = "[No Variations]"
Add component (AddParameter): Name = "Packing"; Value = "Reel"; VariantName = "[No Variations]"
Add component (AddParameter): Name = "PartNumber"; Value = "2N7002"; VariantName = "[No Variations]"
Add component (AddParameter): Name = "Ptot (max)"; Value = "0.5Â W"; VariantName = "[No Variations]"
Add component (AddParameter): Name = "QG"; Value = "0.4Â nC"; VariantName = "[No Variations]"
Add component (AddParameter): Name = "RDS (on) (max)"; Value = "3,000 mOhm"; VariantName = "[No Variations]"
Add component (AddParameter): Name = "RDS (on) (max) (@4.5V)"; Value = "4,000 mOhm"; VariantName = "[No Variations]"
Add component (AddParameter): Name = "RthJA (max)"; Value = "250 K/W"; VariantName = "[No Variations]"
Add component (AddParameter): Name = "VDS (max)"; Value = "60 V"; VariantName = "[No Variations]"
Add component (AddParameter): Name = "VGS(th) (max)"; Value = "2.5Â V"; VariantName = "[No Variations]"
Add component (AddParameter): Name = "VGS(th) (min)"; Value = "1.5Â V"; VariantName = "[No Variations]"
Added Component: Designator=R7(RES_1206)
Added Component: Designator=R8(RES_1206)
Added Component: Designator=R9(RES_1206)
Added Component: Designator=R10(RES_1206)
Added Component: Designator=R11(RES_1206)
Added Component: Designator=R12(RES_1206)
Added Component: Designator=R13(RES_1206)
Added Component: Designator=R14(RES_1206)
Added Component: Designator=R15(RES_1206)
Added Component: Designator=R16(RES_1206)
Added Component: Designator=R17(RES_1206)
Added Component: Designator=R18(RES_1206)
Added Component: Designator=Solder1(RES_1206)
Added Component: Designator=Solder2(RES_1206)
Added Component: Designator=TP1(PAD_SQ_2MM)
Added Component: Designator=TP2(PAD_SQ_2MM)
Added Component: Designator=TP3(PAD_SQ_2MM)
Added Component: Designator=TP4(PAD_SQ_2MM)
Added Component: Designator=TP5(PAD_SQ_2MM)
Added Component: Designator=TP6(PAD_SQ_2MM)
Added Component: Designator=U5(FP-CP2104-F03-GMR-MFG)
Add component (AddParameter): Name = "Ambient Temperature Range High"; Value = "+125°C"; VariantName = "[No Variations]"
Add component (AddParameter): Name = "Ambient Temperature Range Low"; Value = "-55°C"; VariantName = "[No Variations]"
Add component (AddParameter): Name = "Automotive"; Value = "No"; VariantName = "[No Variations]"
Add component (AddParameter): Name = "Category"; Value = "IC"; VariantName = "[No Variations]"
Add component (AddParameter): Name = "ComponentLink2Description"; Value = "Datasheet"; VariantName = "[No Variations]"
Add component (AddParameter): Name = "ComponentLink2URL"; Value = "https://www.silabs.com/documents/public/data-sheets/cp2104.pdf"; VariantName = "[No Variations]"
Add component (AddParameter): Name = "Device Class L1"; Value = "Integrated Circuits (ICs)"; VariantName = "[No Variations]"
Add component (AddParameter): Name = "Device Class L2"; Value = "Interface ICs"; VariantName = "[No Variations]"
Add component (AddParameter): Name = "Device Class L3"; Value = "Controllers"; VariantName = "[No Variations]"
Add component (AddParameter): Name = "Digikey Description"; Value = "IC SGL USB-TO-UART BRIDGE 24QFN"; VariantName = "[No Variations]"
Add component (AddParameter): Name = "Height"; Value = "0.8mm"; VariantName = "[No Variations]"
Add component (AddParameter): Name = "Interface"; Value = "UART,USB"; VariantName = "[No Variations]"
Add component (AddParameter): Name = "Ipc Land Pattern Name"; Value = "QFN50P400X400X75-24"; VariantName = "[No Variations]"
Add component (AddParameter): Name = "Lead Free"; Value = "Yes"; VariantName = "[No Variations]"
Add component (AddParameter): Name = "Manufacturer"; Value = "Silicon Laboratories"; VariantName = "[No Variations]"
Add component (AddParameter): Name = "Manufacturer Part Number"; Value = "CP2104-F03-GMR"; VariantName = "[No Variations]"
Add component (AddParameter): Name = "Max Supply Voltage"; Value = "3.6V"; VariantName = "[No Variations]"
Add component (AddParameter): Name = "Min Supply Voltage"; Value = "1.8V"; VariantName = "[No Variations]"
Add component (AddParameter): Name = "Mouser Description"; Value = "I/O Controller Interface IC USB to UART bridge"; VariantName = "[No Variations]"
Add component (AddParameter): Name = "Nominal Supply Current"; Value = "100-17000uA"; VariantName = "[No Variations]"
Add component (AddParameter): Name = "Octopart"; Value = "https://octopart.com/cp2104-f03-gmr-silicon+labs-19668642"; VariantName = "[No Variations]"
Add component (AddParameter): Name = "Package"; Value = "CP2104-F03-GMR"; VariantName = "[No Variations]"
Add component (AddParameter): Name = "RoHS"; Value = "TRUE"; VariantName = "[No Variations]"
Add component (AddParameter): Name = "Standoff Height"; Value = "0mm"; VariantName = "[No Variations]"
Add component (AddParameter): Name = "Temperature"; Value = "-40°C to +85°C"; VariantName = "[No Variations]"
Add component (AddParameter): Name = "Temperature Range High"; Value = "+85°C"; VariantName = "[No Variations]"
Add component (AddParameter): Name = "Temperature Range Low"; Value = "-40°C"; VariantName = "[No Variations]"
Added Component: Designator=U6(SOIC-SO20_M)
Add component (AddParameter): Name = "Code_IPC"; Value = "SOIC127P1030-20"; VariantName = "[No Variations]"
Add component (AddParameter): Name = "Code_JEDEC"; Value = "MS-013-AC"; VariantName = "[No Variations]"
Add component (AddParameter): Name = "ComponentLink1Description"; Value = "Manufacturer URL"; VariantName = "[No Variations]"
Add component (AddParameter): Name = "ComponentLink1URL"; Value = "http://www.microchip.com/"; VariantName = "[No Variations]"
Add component (AddParameter): Name = "ComponentLink2Description"; Value = "Datasheet"; VariantName = "[No Variations]"
Add component (AddParameter): Name = "ComponentLink2URL"; Value = "http://ww1.microchip.com/downloads/en/DeviceDoc/22228B.pdf"; VariantName = "[No Variations]"
Add component (AddParameter): Name = "ComponentLink3Description"; Value = "Package Specification"; VariantName = "[No Variations]"
Add component (AddParameter): Name = "ComponentLink3URL"; Value = "http://www.microchip.com/stellent/groups/techpub_sg/documents/packagingspec/en012702.pdf"; VariantName = "[No Variations]"
Add component (AddParameter): Name = "DatasheetVersion"; Value = "revB, Mar-2011"; VariantName = "[No Variations]"
Add component (AddParameter): Name = "PackageDescription"; Value = "20-Lead Plastic Small Outline (SO) - Wide 7.50mm Body [SOIC]"; VariantName = "[No Variations]"
Add component (AddParameter): Name = "PackageReference"; Value = "SOIC-SO20"; VariantName = "[No Variations]"
Add component (AddParameter): Name = "PackageVersion"; Value = "revBB, Aug-2009"; VariantName = "[No Variations]"
Added Component: Designator=U7(FP-751-07-IPC_C)
Add component (AddParameter): Name = "Bandwidth"; Value = "1MHz"; VariantName = "[No Variations]"
Add component (AddParameter): Name = "Case/Package"; Value = "SOIC"; VariantName = "[No Variations]"
Add component (AddParameter): Name = "Common Mode Rejection Ratio"; Value = "65dB"; VariantName = "[No Variations]"
Add component (AddParameter): Name = "Contact Plating"; Value = "Tin"; VariantName = "[No Variations]"
Add component (AddParameter): Name = "Dual Supply Voltage"; Value = "9V"; VariantName = "[No Variations]"
Add component (AddParameter): Name = "Gain Bandwidth Product"; Value = "1MHz"; VariantName = "[No Variations]"
Add component (AddParameter): Name = "Halogen Free"; Value = "Halogen Free"; VariantName = "[No Variations]"
Add component (AddParameter): Name = "Height"; Value = "1.5mm"; VariantName = "[No Variations]"
Add component (AddParameter): Name = "Input Bias Current"; Value = "250nA"; VariantName = "[No Variations]"
Add component (AddParameter): Name = "Input Offset Voltage (Vos)"; Value = "7mV"; VariantName = "[No Variations]"
Add component (AddParameter): Name = "Lead Free"; Value = "Lead Free"; VariantName = "[No Variations]"
Add component (AddParameter): Name = "Length"; Value = "5mm"; VariantName = "[No Variations]"
Add component (AddParameter): Name = "Max Dual Supply Voltage"; Value = "16V"; VariantName = "[No Variations]"
Add component (AddParameter): Name = "Max Operating Temperature"; Value = "70°C"; VariantName = "[No Variations]"
Add component (AddParameter): Name = "Max Supply Voltage"; Value = "32V"; VariantName = "[No Variations]"
Add component (AddParameter): Name = "Min Dual Supply Voltage"; Value = "1.5V"; VariantName = "[No Variations]"
Add component (AddParameter): Name = "Min Operating Temperature"; Value = "0°C"; VariantName = "[No Variations]"
Add component (AddParameter): Name = "Min Supply Voltage"; Value = "3V"; VariantName = "[No Variations]"
Add component (AddParameter): Name = "Nominal Supply Current"; Value = "1.2mA"; VariantName = "[No Variations]"
Add component (AddParameter): Name = "Number of Amplifiers"; Value = "2"; VariantName = "[No Variations]"
Add component (AddParameter): Name = "Number of Channels"; Value = "2"; VariantName = "[No Variations]"
Add component (AddParameter): Name = "Number of Circuits"; Value = "2"; VariantName = "[No Variations]"
Add component (AddParameter): Name = "Number of Elements"; Value = "2"; VariantName = "[No Variations]"
Add component (AddParameter): Name = "Number of Pins"; Value = "8"; VariantName = "[No Variations]"
Add component (AddParameter): Name = "Operating Supply Current"; Value = "1.5mA"; VariantName = "[No Variations]"
Add component (AddParameter): Name = "Operating Supply Voltage"; Value = "16V"; VariantName = "[No Variations]"
Add component (AddParameter): Name = "Output Current"; Value = "40mA"; VariantName = "[No Variations]"
Add component (AddParameter): Name = "Output Current per Channel"; Value = "40mA"; VariantName = "[No Variations]"
Add component (AddParameter): Name = "Package Quantity"; Value = "2500"; VariantName = "[No Variations]"
Add component (AddParameter): Name = "Packaging"; Value = "Tape and Reel"; VariantName = "[No Variations]"
Add component (AddParameter): Name = "Power Supply Rejection Ratio (PSRR)"; Value = "65dB"; VariantName = "[No Variations]"
Add component (AddParameter): Name = "Radiation Hardening"; Value = "No"; VariantName = "[No Variations]"
Add component (AddParameter): Name = "REACH SVHC"; Value = "No SVHC"; VariantName = "[No Variations]"
Add component (AddParameter): Name = "Slew Rate"; Value = "0.6V/µs"; VariantName = "[No Variations]"
Add component (AddParameter): Name = "Voltage Gain"; Value = "100dB"; VariantName = "[No Variations]"
Add component (AddParameter): Name = "Width"; Value = "4mm"; VariantName = "[No Variations]"
Added Component: Designator=VR1(3362P1504LF)
Add component (AddParameter): Name = "Arrow Part Number"; Value = "3362P-1-504LF"; VariantName = "[No Variations]"
Add component (AddParameter): Name = "Arrow Price/Stock"; Value = "https://www.arrow.com/en/products/3362p-1-504lf/bourns?region=nac"; VariantName = "[No Variations]"
Add component (AddParameter): Name = "Datasheet Link"; Value = "https://componentsearchengine.com/Datasheets/2/3362P-1-504LF.pdf"; VariantName = "[No Variations]"
Add component (AddParameter): Name = "Height"; Value = "4.95mm"; VariantName = "[No Variations]"
Add component (AddParameter): Name = "Manufacturer_Name"; Value = "Bourns"; VariantName = "[No Variations]"
Add component (AddParameter): Name = "Manufacturer_Part_Number"; Value = "3362P-1-504LF"; VariantName = "[No Variations]"
Add component (AddParameter): Name = "Mouser Part Number"; Value = "652-3362P-1-504LF"; VariantName = "[No Variations]"
Add component (AddParameter): Name = "Mouser Price/Stock"; Value = "https://www.mouser.co.uk/ProductDetail/Bourns/3362P-1-504LF?qs=PcXFNxoHkaI%252Brk7xgs916g%3D%3D"; VariantName = "[No Variations]"
Added Component: Designator=VR2(3362P1504LF)
Add component (AddParameter): Name = "Arrow Part Number"; Value = "3362P-1-504LF"; VariantName = "[No Variations]"
Add component (AddParameter): Name = "Arrow Price/Stock"; Value = "https://www.arrow.com/en/products/3362p-1-504lf/bourns?region=nac"; VariantName = "[No Variations]"
Add component (AddParameter): Name = "Datasheet Link"; Value = "https://componentsearchengine.com/Datasheets/2/3362P-1-504LF.pdf"; VariantName = "[No Variations]"
Add component (AddParameter): Name = "Height"; Value = "4.95mm"; VariantName = "[No Variations]"
Add component (AddParameter): Name = "Manufacturer_Name"; Value = "Bourns"; VariantName = "[No Variations]"
Add component (AddParameter): Name = "Manufacturer_Part_Number"; Value = "3362P-1-504LF"; VariantName = "[No Variations]"
Add component (AddParameter): Name = "Mouser Part Number"; Value = "652-3362P-1-504LF"; VariantName = "[No Variations]"
Add component (AddParameter): Name = "Mouser Price/Stock"; Value = "https://www.mouser.co.uk/ProductDetail/Bourns/3362P-1-504LF?qs=PcXFNxoHkaI%252Brk7xgs916g%3D%3D"; VariantName = "[No Variations]"
Added Component: Designator=Y1(FP-ABM8G-MFG)
Add component (AddParameter): Name = "Case/Package"; Value = "CSMD"; VariantName = "[No Variations]"
Add component (AddParameter): Name = "Depth"; Value = "2.5mm"; VariantName = "[No Variations]"
Add component (AddParameter): Name = "ESR (Equivalent Series Resistance)"; Value = "120R"; VariantName = "[No Variations]"
Add component (AddParameter): Name = "Frequency"; Value = "12MHz"; VariantName = "[No Variations]"
Add component (AddParameter): Name = "Frequency Stability"; Value = "30ppm"; VariantName = "[No Variations]"
Add component (AddParameter): Name = "Frequency Tolerance"; Value = "30ppm"; VariantName = "[No Variations]"
Add component (AddParameter): Name = "Height"; Value = "1mm"; VariantName = "[No Variations]"
Add component (AddParameter): Name = "Lead Free"; Value = "Lead Free"; VariantName = "[No Variations]"
Add component (AddParameter): Name = "Length"; Value = "3.2mm"; VariantName = "[No Variations]"
Add component (AddParameter): Name = "Load Capacitance"; Value = "10pF"; VariantName = "[No Variations]"
Add component (AddParameter): Name = "Max Operating Temperature"; Value = "70°C"; VariantName = "[No Variations]"
Add component (AddParameter): Name = "Min Operating Temperature"; Value = "-20°C"; VariantName = "[No Variations]"
Add component (AddParameter): Name = "Mount"; Value = "Surface Mount"; VariantName = "[No Variations]"
Add component (AddParameter): Name = "Number of Pins"; Value = "4"; VariantName = "[No Variations]"
Add component (AddParameter): Name = "Operating Frequency"; Value = "12 MHz"; VariantName = "[No Variations]"
Add component (AddParameter): Name = "Package Quantity"; Value = "1000"; VariantName = "[No Variations]"
Add component (AddParameter): Name = "Packaging"; Value = "Tape and Reel"; VariantName = "[No Variations]"
Add component (AddParameter): Name = "Series"; Value = "ABM8G"; VariantName = "[No Variations]"
Add component (AddParameter): Name = "Termination"; Value = "SMD/SMT"; VariantName = "[No Variations]"
Add component (AddParameter): Name = "Tolerance"; Value = "30ppm"; VariantName = "[No Variations]"
Add component (AddParameter): Name = "Width"; Value = "2.5mm"; VariantName = "[No Variations]"
Added Pin To Net: NetName=GND Pin=C5-1
Added Pin To Net: NetName=VBUS Pin=C5-2
Added Pin To Net: NetName=GND Pin=C6-1
Added Pin To Net: NetName=GND Pin=C9-1
Added Pin To Net: NetName=3.3V Pin=C9-2
Added Pin To Net: NetName=GND Pin=C10-1
Added Pin To Net: NetName=GND Pin=C11-1
Added Pin To Net: NetName=GND Pin=C12-1
Added Pin To Net: NetName=3.3V Pin=C12-2
Added Pin To Net: NetName=GND Pin=C14-2
Add Pin To Net: Unknown Pin: Pin J1-A1
Add Pin To Net: Unknown Pin: Pin J1-A12
Add Pin To Net: Unknown Pin: Pin J1-B1
Add Pin To Net: Unknown Pin: Pin J1-B12
Added Pin To Net: NetName=GND Pin=J4-1
Added Pin To Net: NetName=SCL Pin=J4-3
Added Pin To Net: NetName=SDA Pin=J4-5
Added Pin To Net: NetName=3.3V Pin=J4-7
Added Pin To Net: NetName=GND Pin=J5-1
Added Pin To Net: NetName=3.3V Pin=J5-3
Added Pin To Net: NetName=RX_D Pin=J5-4
Added Pin To Net: NetName=TX_D Pin=J5-5
Added Pin To Net: NetName=GND Pin=MK1-NEG
Added Pin To Net: NetName=DTR Pin=Q3-2
Added Pin To Net: NetName=IO0 Pin=Q3-3
Added Pin To Net: NetName=RTS Pin=Q4-2
Added Pin To Net: NetName=EN Pin=Q4-3
Added Pin To Net: NetName=GND Pin=R4-1
Added Pin To Net: NetName=RTS Pin=R7-1
Added Pin To Net: NetName=NetQ1_1 Pin=R7-2
Added Pin To Net: NetName=NetQ2_1 Pin=R8-1
Added Pin To Net: NetName=DTR Pin=R8-2
Added Pin To Net: NetName=GND Pin=R10-1
Added Pin To Net: NetName=DTR Pin=R11-1
Added Pin To Net: NetName=RTS Pin=R12-2
Added Pin To Net: NetName=5V Pin=R15-1
Added Pin To Net: NetName=5V Pin=R18-2
Added Pin To Net: NetName=3.3V Pin=Solder1-1
Added Pin To Net: NetName=3.3V Pin=Solder2-1
Added Pin To Net: NetName=VBUS Pin=TP1-1
Added Pin To Net: NetName=5V Pin=TP2-1
Added Pin To Net: NetName=3.3V Pin=TP3-1
Added Pin To Net: NetName=VBUS Pin=U3-3
Added Pin To Net: NetName=GND Pin=U5-2
Added Pin To Net: NetName=D+_USB Pin=U5-3
Added Pin To Net: NetName=D-_USB Pin=U5-4
Added Pin To Net: NetName=RTS Pin=U5-19
Added Pin To Net: NetName=TX_D Pin=U5-20
Added Pin To Net: NetName=RX_D Pin=U5-21
Added Pin To Net: NetName=DTR Pin=U5-23
Added Pin To Net: NetName=GND Pin=U5-25
Added Pin To Net: NetName=RX_D Pin=U6-10
Added Pin To Net: NetName=TX_D Pin=U6-12
Added Pin To Net: NetName=D-_USB Pin=U6-18
Added Pin To Net: NetName=D+_USB Pin=U6-19
Added Pin To Net: NetName=GND Pin=U6-20
Added Pin To Net: NetName=GND Pin=U7-4
Added Pin To Net: NetName=5V Pin=U7-8
Added Pin To Net: NetName=GND Pin=VR2-1
Added Pin To Net: NetName=GND Pin=Y1-2
Added Pin To Net: NetName=GND Pin=Y1-4
Change Net Name : Old Net Name=NetD4_A New Net Name=NetD5_A
Change Net Name : Old Net Name=VBUS New Net Name=VBAT
Added Pin To Net: NetName=Bat_Prog Pin=R4-2
Added Pin To Net: NetName=Bat_Prog Pin=U3-5
Added Net: Name=Bat_Prog
Added Pin To Net: NetName=CP2104 PWR Pin=Solder1-2
Added Pin To Net: NetName=CP2104 PWR Pin=U5-5
Added Pin To Net: NetName=CP2104 PWR Pin=U5-6
Added Pin To Net: NetName=CP2104 PWR Pin=U5-7
Added Net: Name=CP2104 PWR
Added Pin To Net: NetName=CS_SDCard Pin=J3-2
Added Pin To Net: NetName=CS_SDCard Pin=U1-28
Added Net: Name=CS_SDCard
Added Pin To Net: NetName=IO2 Pin=J2-1
Added Pin To Net: NetName=IO2 Pin=U1-24
Added Net: Name=IO2
Added Pin To Net: NetName=IO4 Pin=J2-3
Added Pin To Net: NetName=IO4 Pin=U1-26
Added Net: Name=IO4
Added Pin To Net: NetName=IO5 Pin=J2-5
Added Pin To Net: NetName=IO5 Pin=U1-29
Added Net: Name=IO5
Added Pin To Net: NetName=IO12 Pin=J2-7
Added Pin To Net: NetName=IO12 Pin=U1-14
Added Net: Name=IO12
Added Pin To Net: NetName=IO13 Pin=J2-2
Added Pin To Net: NetName=IO13 Pin=U1-16
Added Net: Name=IO13
Added Pin To Net: NetName=IO14 Pin=J2-4
Added Pin To Net: NetName=IO14 Pin=U1-13
Added Net: Name=IO14
Added Pin To Net: NetName=IO15 Pin=J2-6
Added Pin To Net: NetName=IO15 Pin=U1-23
Added Net: Name=IO15
Added Pin To Net: NetName=IO16 Pin=J2-8
Added Pin To Net: NetName=IO16 Pin=U1-27
Added Net: Name=IO16
Added Pin To Net: NetName=Mic_Port Pin=C14-1
Added Pin To Net: NetName=Mic_Port Pin=R17-1
Added Pin To Net: NetName=Mic_Port Pin=TP5-1
Added Pin To Net: NetName=Mic_Port Pin=U1-10
Added Net: Name=Mic_Port
Added Pin To Net: NetName=NetC13_1 Pin=C13-1
Added Pin To Net: NetName=NetC13_1 Pin=R16-2
Added Net: Name=NetC13_1
Added Pin To Net: NetName=NetC13_2 Pin=C13-2
Added Pin To Net: NetName=NetC13_2 Pin=MK1-POS
Added Pin To Net: NetName=NetC13_2 Pin=R15-2
Added Pin To Net: NetName=NetC13_2 Pin=TP4-1
Added Net: Name=NetC13_2
Added Pin To Net: NetName=NetD4_K Pin=D4-K
Added Pin To Net: NetName=NetD4_K Pin=R5-2
Added Net: Name=NetD4_K
Added Pin To Net: NetName=NetD6_A Pin=D6-A
Added Pin To Net: NetName=NetD6_A Pin=R13-2
Added Net: Name=NetD6_A
Added Pin To Net: NetName=NetD7_A Pin=D7-A
Added Pin To Net: NetName=NetD7_A Pin=R14-2
Added Net: Name=NetD7_A
Added Pin To Net: NetName=NetQ3_1 Pin=Q3-1
Added Pin To Net: NetName=NetQ3_1 Pin=R12-1
Added Net: Name=NetQ3_1
Added Pin To Net: NetName=NetQ4_1 Pin=Q4-1
Added Pin To Net: NetName=NetQ4_1 Pin=R11-2
Added Net: Name=NetQ4_1
Added Pin To Net: NetName=NetR5_1 Pin=R5-1
Added Pin To Net: NetName=NetR5_1 Pin=U3-1
Added Net: Name=NetR5_1
Added Pin To Net: NetName=NetR9_2 Pin=R9-2
Added Pin To Net: NetName=NetR9_2 Pin=R10-2
Added Pin To Net: NetName=NetR9_2 Pin=U5-8
Added Net: Name=NetR9_2
Added Pin To Net: NetName=NetR16_1 Pin=R16-1
Added Pin To Net: NetName=NetR16_1 Pin=U7-3
Added Pin To Net: NetName=NetR16_1 Pin=VR1-3
Added Net: Name=NetR16_1
Added Pin To Net: NetName=NetR17_2 Pin=R17-2
Added Pin To Net: NetName=NetR17_2 Pin=U7-1
Added Pin To Net: NetName=NetR17_2 Pin=VR1-2
Added Net: Name=NetR17_2
Added Pin To Net: NetName=NetR18_1 Pin=R18-1
Added Pin To Net: NetName=NetR18_1 Pin=TP6-1
Added Pin To Net: NetName=NetR18_1 Pin=U7-2
Added Pin To Net: NetName=NetR18_1 Pin=VR2-2
Added Net: Name=NetR18_1
Added Pin To Net: NetName=NetSolder2_2 Pin=Solder2-2
Added Pin To Net: NetName=NetSolder2_2 Pin=U6-1
Added Pin To Net: NetName=NetSolder2_2 Pin=U6-17
Added Net: Name=NetSolder2_2
Added Pin To Net: NetName=OSC_MCP2200_1 Pin=C10-2
Added Pin To Net: NetName=OSC_MCP2200_1 Pin=U6-2
Added Pin To Net: NetName=OSC_MCP2200_1 Pin=Y1-1
Added Net: Name=OSC_MCP2200_1
Added Pin To Net: NetName=OSC_MCP2200_2 Pin=C11-2
Added Pin To Net: NetName=OSC_MCP2200_2 Pin=U6-3
Added Pin To Net: NetName=OSC_MCP2200_2 Pin=Y1-3
Added Net: Name=OSC_MCP2200_2
Added Pin To Net: NetName=RX_Led Pin=D7-C
Added Pin To Net: NetName=RX_Led Pin=U5-13
Added Pin To Net: NetName=RX_Led Pin=U6-6
Added Net: Name=RX_Led
Added Pin To Net: NetName=TX_Led Pin=D6-C
Added Pin To Net: NetName=TX_Led Pin=U5-14
Added Net: Name=TX_Led
Added Pin To Net: NetName=VBUS Pin=C6-2
Added Pin To Net: NetName=VBUS Pin=D3-2
Added Pin To Net: NetName=VBUS Pin=D4-A
Added Pin To Net: NetName=VBUS Pin=R9-1
Added Pin To Net: NetName=VBUS Pin=R13-1
Added Pin To Net: NetName=VBUS Pin=R14-1
Added Pin To Net: NetName=VBUS Pin=U3-4
Added Net: Name=VBUS
Added Class: Name=IC_Programmers
Added Class: Name=Microphone PreAmp
Added Member To Class: ClassName=IC_Schema Member=Component C8 1u
Added Member To Class: ClassName=IC_Schema Member=Component D5 LED 5V
Added Member To Class: ClassName=IC_Schema Member=Component J2 HTSW-104-07-G-D
Added Member To Class: ClassName=IC_Schema Member=Component J4 HTSW-104-07-G-D
Added Member To Class: ClassName=IC_Schema Member=Component TP1 VBAT
Added Member To Class: ClassName=IC_Schema Member=Component TP2 5V
Added Member To Class: ClassName=IC_Schema Member=Component TP3 3,3V
Added Room: Name=IC_Programmers
Added Room: Name=Microphone PreAmp
