Removed Pin From Net: NetName=GND Pin=J1-A1,B12
Removed Pin From Net: NetName=VBUS Pin=J1-A4,B9
Removed Pin From Net: NetName=GND Pin=J1-B1,A12
Removed Pin From Net: NetName=VBUS Pin=J1-B4,A9
Removed Pin From Net: NetName=GND Pin=U1-39_10
Removed Pin From Net: NetName=GND Pin=U1-39_11
Removed Pin From Net: NetName=GND Pin=U1-39_12
Removed Pin From Net: NetName=GND Pin=U1-39_13
Removed Pin From Net: NetName=GND Pin=U1-39_14
Removed Pin From Net: NetName=GND Pin=U1-39_15
Removed Pin From Net: NetName=GND Pin=U1-39_16
Removed Pin From Net: NetName=GND Pin=U1-39_17
Removed Pin From Net: NetName=GND Pin=U1-39_18
Removed Pin From Net: NetName=GND Pin=U1-39_19
Removed Pin From Net: NetName=GND Pin=U1-39_20
Removed Pin From Net: NetName=GND Pin=U1-39_21
Change Component Designator: OldDesignator=3.3 NewDesignator=TP3
Change Component Designator: OldDesignator=5 NewDesignator=TP2
Change Component Designator: OldDesignator=AMP_S NewDesignator=TP5
Change Component Designator: OldDesignator=Extern Prog NewDesignator=J6
Change Component Designator: OldDesignator=HRT NewDesignator=J5
Change Component Designator: OldDesignator=MIC NewDesignator=TP4
Change Component Designator: OldDesignator=OLED NewDesignator=P1
Change Component Designator: OldDesignator=PWR1 NewDesignator=PWR2
Change Component Designator: OldDesignator=PWR2 NewDesignator=PWR1
Change Component Designator: OldDesignator=R8 NewDesignator=R9
Change Component Designator: OldDesignator=R9 NewDesignator=R10
Change Component Designator: OldDesignator=R10 NewDesignator=R11
Change Component Designator: OldDesignator=R11 NewDesignator=R12
Change Component Designator: OldDesignator=R12 NewDesignator=R13
Change Component Designator: OldDesignator=R13 NewDesignator=R15
Change Component Designator: OldDesignator=R14 NewDesignator=R16
Change Component Designator: OldDesignator=R15 NewDesignator=R17
Change Component Designator: OldDesignator=R16 NewDesignator=R18
Change Component Designator: OldDesignator=R17 NewDesignator=R19
Change Component Designator: OldDesignator=R18 NewDesignator=R20
Change Component Designator: OldDesignator=SD_Card NewDesignator=J4
Change Component Designator: OldDesignator=VBAT NewDesignator=TP1
Added Component: Designator=MD1(FP-ESP32-WROOM-32E_4MB-MFG)
Added Component: Designator=R8(RES_1206)
Added Component: Designator=R14(RES_1206)
Add Pin To Net: Unknown Pin: Pin J1-A1
Add Pin To Net: Unknown Pin: Pin J1-A4
Add Pin To Net: Unknown Pin: Pin J1-A9
Add Pin To Net: Unknown Pin: Pin J1-A12
Add Pin To Net: Unknown Pin: Pin J1-B1
Add Pin To Net: Unknown Pin: Pin J1-B4
Add Pin To Net: Unknown Pin: Pin J1-B9
Add Pin To Net: Unknown Pin: Pin J1-B12
Added Pin To Net: NetName=VBUS Pin=R8-1
Added Pin To Net: NetName=VBUS Pin=R14-1
Change Net Name : Old Net Name=NetPWR1_2 New Net Name=NetPWR2_2
Change Net Name : Old Net Name=NetR9_2 New Net Name=NetR10_2
Change Net Name : Old Net Name=NetR16_1 New Net Name=NetR18_1
Change Net Name : Old Net Name=NetR17_2 New Net Name=NetR19_2
Change Net Name : Old Net Name=NetR18_1 New Net Name=NetR20_1
Added Pin To Net: NetName=NetR8_2 Pin=R8-2
Added Pin To Net: NetName=NetR8_2 Pin=U5-9
Added Net: Name=NetR8_2
Added Pin To Net: NetName=NetR14_2 Pin=R14-2
Added Pin To Net: NetName=NetR14_2 Pin=U6-4
Added Net: Name=NetR14_2
Added Member To Class: ClassName=IC_Schema Member=Component MD1 ESP32-WROOM-32E (4MB)
Added Member To Class: ClassName=IC_Programmers Member=Component R15 10k
Added Member To Class: ClassName=IC_Programmers Member=Component R16 10k
Added Member To Class: ClassName=Microphone PreAmp Member=Component TP4 Pad
