Removed Pin From Net: NetName=GND Pin=ANT1-2
Removed Pin From Net: NetName=3.3V Pin=C1-2
Removed Pin From Net: NetName=3.3V Pin=C2-2
Removed Pin From Net: NetName=3.3V Pin=C3-2
Removed Pin From Net: NetName=3.3V Pin=C4-2
Removed Pin From Net: NetName=GND Pin=C8-1
Removed Pin From Net: NetName=GND Pin=C9-1
Removed Pin From Net: NetName=GND Pin=C10-1
Removed Pin From Net: NetName=VBAT Pin=C10-2
Removed Pin From Net: NetName=GND Pin=C11-1
Removed Pin From Net: NetName=VBUS Pin=C11-2
Removed Pin From Net: NetName=GND Pin=C12-1
Removed Pin From Net: NetName=GND Pin=C13-1
Removed Pin From Net: NetName=GND Pin=C14-1
Removed Pin From Net: NetName=VBAT Pin=C14-2
Removed Pin From Net: NetName=GND Pin=C15-1
Removed Pin From Net: NetName=3.3V Pin=C15-2
Removed Pin From Net: NetName=GND Pin=C16-1
Removed Pin From Net: NetName=GND Pin=C17-1
Removed Pin From Net: NetName=EN Pin=C17-2
Removed Pin From Net: NetName=SDA Pin=IC1-4
Removed Pin From Net: NetName=SCL Pin=IC1-5
Removed Pin From Net: NetName=EN Pin=IC1-7
Removed Pin From Net: NetName=3.3V Pin=IC1-11
Removed Pin From Net: NetName=3.3V Pin=IC1-17
Removed Pin From Net: NetName=D_USB_N Pin=IC1-25
Removed Pin From Net: NetName=D_USB_P Pin=IC1-26
Removed Pin From Net: NetName=3.3V Pin=IC1-31
Removed Pin From Net: NetName=3.3V Pin=IC1-32
Removed Pin From Net: NetName=GND Pin=IC1-33
Removed Pin From Net: NetName=3.3V Pin=L1-2
Removed Pin From Net: NetName=GND Pin=P1-1
Removed Pin From Net: NetName=VBAT Pin=P1-2
Removed Pin From Net: NetName=SDA Pin=P2-7
Removed Pin From Net: NetName=SCL Pin=P2-8
Removed Pin From Net: NetName=3.3V Pin=P2-9
Removed Pin From Net: NetName=GND Pin=P2-10
Removed Pin From Net: NetName=NetD3_A Pin=R9-1
Removed Pin From Net: NetName=VBAT Pin=R9-2
Removed Pin From Net: NetName=NetD4_A Pin=R10-1
Removed Pin From Net: NetName=3.3V Pin=R10-2
Removed Pin From Net: NetName=3.3V Pin=R11-1
Removed Pin From Net: NetName=3.3V Pin=R12-1
Removed Pin From Net: NetName=EN Pin=R12-2
Removed Pin From Net: NetName=GND Pin=SW-Boot-3
Removed Pin From Net: NetName=GND Pin=SW-Boot-4
Removed Pin From Net: NetName=EN Pin=SW-EN-2
Removed Pin From Net: NetName=GND Pin=SW-EN-3
Removed Pin From Net: NetName=NetR7_1 Pin=U1-1
Removed Pin From Net: NetName=GND Pin=U1-2
Removed Pin From Net: NetName=VBAT Pin=U1-3
Removed Pin From Net: NetName=VBUS Pin=U1-4
Removed Pin From Net: NetName=Bat_Prog Pin=U1-5
Removed Pin From Net: NetName=GND Pin=U2-1
Removed Pin From Net: NetName=3.3V Pin=U2-2
Removed Pin From Net: NetName=GND Pin=U3-4
Removed Pin From Net: NetName=GND Pin=U3-9
Removed Pin From Net: NetName=GND Pin=Y1-2
Removed Pin From Net: NetName=GND Pin=Y1-4
Removed Member From Class: ClassName=CPU_Schem Member=ANT1
Removed Member From Class: ClassName=CPU_Schem Member=C7
Removed Member From Class: ClassName=CPU_Schem Member=C8
Removed Member From Class: ClassName=CPU_Schem Member=C9
Removed Member From Class: ClassName=CPU_Schem Member=C10
Removed Member From Class: ClassName=CPU_Schem Member=C11
Removed Member From Class: ClassName=CPU_Schem Member=C12
Removed Member From Class: ClassName=CPU_Schem Member=C13
Removed Member From Class: ClassName=CPU_Schem Member=C14
Removed Member From Class: ClassName=CPU_Schem Member=C15
Removed Member From Class: ClassName=CPU_Schem Member=C16
Removed Member From Class: ClassName=CPU_Schem Member=C17
Removed Member From Class: ClassName=CPU_Schem Member=IC1
Removed Member From Class: ClassName=CPU_Schem Member=L1
Removed Member From Class: ClassName=CPU_Schem Member=L2
Removed Member From Class: ClassName=CPU_Schem Member=R12
Removed Member From Class: ClassName=CPU_Schem Member=SW-Boot
Removed Member From Class: ClassName=CPU_Schem Member=XTAL1
Removed Member From Class: ClassName=CPU_Schem Member=Y1
Change Component Footprint: Designator=P2 Old Footprint=61301021121 New Footprint=JST-S2B-PH-K-S_V
Change Component Footprint: Designator=U2 Old Footprint=FP-SOT89-MFG New Footprint=SOT95P270X145-5N
Change Component Footprint: Designator=U3 Old Footprint=FP-UX-MFG New Footprint=FP-SOT89-MFG
Change Component Footprint: Designator=P1 Old Footprint=JST-S2B-PH-K-S_V New Footprint=61301021121
Change Component Footprint: Designator=U1 Old Footprint=SOT95P270X145-5N New Footprint=XCVR_ESP32-WROOM-32E_(16MB)
Change Component Comment : Designator=R12 Old Comment=10k New Comment=4k7
Change Component Comment : Designator=C1 Old Comment=10u New Comment=4u7
Change Component Comment : Designator=C7 Old Comment=10u New Comment=5u
Change Component Comment : Designator=R6 Old Comment=22k New Comment=5k2
Change Component Comment : Designator=C2 Old Comment=100n New Comment=4u7
Change Component Comment : Designator=C3 Old Comment=100n New Comment=10n
Change Component Comment : Designator=C4 Old Comment=100n New Comment=10n
Change Component Comment : Designator=C5 Old Comment=100n New Comment=10u
Change Component Comment : Designator=C6 Old Comment=100n New Comment=22u
Change Component Comment : Designator=P2 Old Comment=61301021121 New Comment=Bat
Change Component Comment : Designator=U2 Old Comment=AZ1117CR-3.3TRG1 New Comment=MCP73831T-3ACI/OT
Change Component Comment : Designator=P1 Old Comment=Bat New Comment=61301021121
Change Component Comment : Designator=U1 Old Comment=MCP73831T-3ACI/OT New Comment=ESP32-WROOM-32E_(16MB)
Change Component Comment : Designator=U3 Old Comment=W25Q16JVUXIQ New Comment=AZ1117CR-3.3TRG1
Change Managed Component Library Link : Designator=P1 Old VaultGUID=B7D15EC3-160A-466F-A46C-7801FE6295A7 New VaultGUID=B7D15EC3-160A-466F-A46C-7801FE6295A7 Old ItemGUID=9A8D2EAC-1B23-4F82-92C2-EA66795D6019 New ItemGUID=34854AF4-9525-4BE3-BBBA-FD2776EEB7E5 Old RevisionGUID=D59909AA-F2FB-4123-B2B1-E8CC848D86AD New RevisionGUID=3CD7A349-B95C-459D-B7F7-6533AC4279CE
Change Managed Component Library Link : Designator=P2 Old VaultGUID=B7D15EC3-160A-466F-A46C-7801FE6295A7 New VaultGUID=B7D15EC3-160A-466F-A46C-7801FE6295A7 Old ItemGUID=34854AF4-9525-4BE3-BBBA-FD2776EEB7E5 New ItemGUID=9A8D2EAC-1B23-4F82-92C2-EA66795D6019 Old RevisionGUID=3CD7A349-B95C-459D-B7F7-6533AC4279CE New RevisionGUID=D59909AA-F2FB-4123-B2B1-E8CC848D86AD
Change Managed Component Library Link : Designator=U3 Old VaultGUID=B7D15EC3-160A-466F-A46C-7801FE6295A7 New VaultGUID=B7D15EC3-160A-466F-A46C-7801FE6295A7 Old ItemGUID=4C0204D1-FFA8-4642-8E0E-8B8F2F63A295 New ItemGUID=3F1953D2-5FD2-4664-805C-F4C712AF2F81 Old RevisionGUID=F169C6A1-AB13-49AF-93BD-5B8E74F6FD42 New RevisionGUID=D47B9641-0751-41F0-88A1-B6DB9ED690F8
Change Managed Component Library Link : Designator=U2 Old VaultGUID=B7D15EC3-160A-466F-A46C-7801FE6295A7 New VaultGUID= Old ItemGUID=3F1953D2-5FD2-4664-805C-F4C712AF2F81 New ItemGUID= Old RevisionGUID=D47B9641-0751-41F0-88A1-B6DB9ED690F8 New RevisionGUID=
Change component parameters: Designator = "P1" ("P1"); Footprint = "JST-S2B-PH-K-S_V"; UniqueID = "\IRKBHDGI" ("\IRKBHDGI")
Change component parameters (AddParameter): Name = "Contact Resistance"; Value = "20mOhm"; VariantName = "[No Variations]"
Change component parameters (AddParameter): Name = "Datasheet URL"; Value = "https://katalog.we-online.de/em/datasheet/6130xx21121.pdf"; VariantName = "[No Variations]"
Change component parameters (AddParameter): Name = "Gender"; Value = "Male"; VariantName = "[No Variations]"
Change component parameters (AddParameter): Name = "Manufacturer"; Value = "Wurth Elektronik"; VariantName = "[No Variations]"
Change component parameters (AddParameter): Name = "Manufacturer URL"; Value = "http://www.we-online.de"; VariantName = "[No Variations]"
Change component parameters (AddParameter): Name = "Mounting Technology"; Value = "THT"; VariantName = "[No Variations]"
Change component parameters (AddParameter): Name = "Operating Temperature"; Value = "-40to105degC"; VariantName = "[No Variations]"
Change component parameters (AddParameter): Name = "Orientation"; Value = "Vertical"; VariantName = "[No Variations]"
Change component parameters (AddParameter): Name = "Package Reference"; Value = "61301021121"; VariantName = "[No Variations]"
Change component parameters (AddParameter): Name = "Packaging"; Value = "Bag"; VariantName = "[No Variations]"
Change component parameters (AddParameter): Name = "Part Number"; Value = "61301021121"; VariantName = "[No Variations]"
Change component parameters (AddParameter): Name = "Pin Number"; Value = "10"; VariantName = "[No Variations]"
Change component parameters (AddParameter): Name = "Pitch"; Value = "2.54mm"; VariantName = "[No Variations]"
Change component parameters (AddParameter): Name = "Publisher"; Value = "WurthElektronik"; VariantName = "[No Variations]"
Change component parameters (AddParameter): Name = "Rated Current"; Value = "3A"; VariantName = "[No Variations]"
Change component parameters (AddParameter): Name = "Row Number"; Value = "Dual"; VariantName = "[No Variations]"
Change component parameters (AddParameter): Name = "Withstanding Voltage"; Value = "500VAC"; VariantName = "[No Variations]"
Change component parameters (AddParameter): Name = "Working Voltage"; Value = "250VAC"; VariantName = "[No Variations]"
Change component parameters: Designator = "P2" ("P2"); Footprint = "61301021121"; UniqueID = "\ZCYCDLZB" ("\ZCYCDLZB")
Change component parameters (AddParameter): Name = "Capacitance"; Value = "10 uF"; VariantName = "[No Variations]"
Change component parameters (AddParameter): Name = "Case\Package"; Value = "Radial"; VariantName = "[No Variations]"
Change component parameters (AddParameter): Name = "ComponentLink1Description"; Value = "Datasheet"; VariantName = "[No Variations]"
Change component parameters (AddParameter): Name = "ComponentLink1URL"; Value = "http://www.jst-mfg.com/product/pdf/eng/ePH.pdf"; VariantName = "[No Variations]"
Change component parameters (AddParameter): Name = "DatasheetVersion"; Value = "Dec-12"; VariantName = "[No Variations]"
Change component parameters (AddParameter): Name = "Diameter"; Value = "5 mm"; VariantName = "[No Variations]"
Change component parameters (AddParameter): Name = "Height"; Value = "11 mm"; VariantName = "[No Variations]"
Change component parameters (AddParameter): Name = "Lead Pitch"; Value = "2 mm"; VariantName = "[No Variations]"
Change component parameters (AddParameter): Name = "Length"; Value = "11 mm"; VariantName = "[No Variations]"
Change component parameters (AddParameter): Name = "Max Operating Temperature"; Value = "85 degC"; VariantName = "[No Variations]"
Change component parameters (AddParameter): Name = "Min Operating Temperature"; Value = "-40 degC"; VariantName = "[No Variations]"
Change component parameters (AddParameter): Name = "Mount"; Value = "Through Hole"; VariantName = "[No Variations]"
Change component parameters (AddParameter): Name = "Package Quantity"; Value = "200"; VariantName = "[No Variations]"
Change component parameters (AddParameter): Name = "PackageDescription"; Value = "Male Header, Pitch 2 mm, 1 x 2 Position, Height 4.8 mm, Tail Length 3.4 mm"; VariantName = "[No Variations]"
Change component parameters (AddParameter): Name = "PackageReference"; Value = "S2B-PH-K-S"; VariantName = "[No Variations]"
Change component parameters (AddParameter): Name = "Packaging"; Value = "Bulk"; VariantName = "[No Variations]"
Change component parameters (AddParameter): Name = "Pins"; Value = "2"; VariantName = "[No Variations]"
Change component parameters (AddParameter): Name = "Radiation Hardening"; Value = "No"; VariantName = "[No Variations]"
Change component parameters (AddParameter): Name = "REACH SVHC"; Value = "No SVHC"; VariantName = "[No Variations]"
Change component parameters (AddParameter): Name = "RoHSCompliant"; Value = "true"; VariantName = "[No Variations]"
Change component parameters (AddParameter): Name = "Tolerance"; Value = "20%"; VariantName = "[No Variations]"
Change component parameters (AddParameter): Name = "Voltage Rating"; Value = "50 V"; VariantName = "[No Variations]"
Change component parameters (AddParameter): Name = "Voltage Rating (DC)"; Value = "50 V"; VariantName = "[No Variations]"
Change component parameters: Designator = "U1" ("U1"); Footprint = "SOT95P270X145-5N"; UniqueID = "\PTREWVWX" ("\PTREWVWX")
Change component parameters (AddParameter): Name = "Availability"; Value = "Not in stock"; VariantName = "[No Variations]"
Change component parameters (AddParameter): Name = "Check_prices"; Value = "https://www.snapeda.com/parts/ESP32-WROOM-32E%20(16MB)/Espressif+Systems/view-part/?ref=eda"; VariantName = "[No Variations]"
Change component parameters (AddParameter): Name = "MF"; Value = "Espressif Systems"; VariantName = "[No Variations]"
Change component parameters (AddParameter): Name = "MP"; Value = "ESP32-WROOM-32E (16MB)"; VariantName = "[No Variations]"
Change component parameters (AddParameter): Name = "Package"; Value = "None"; VariantName = "[No Variations]"
Change component parameters (AddParameter): Name = "Price"; Value = "None"; VariantName = "[No Variations]"
Change component parameters (AddParameter): Name = "SnapEDA_Link"; Value = "https://www.snapeda.com/parts/ESP32-WROOM-32E%20(16MB)/Espressif+Systems/view-part/?ref=snap"; VariantName = "[No Variations]"
Change component parameters (AddParameter): Name = "Value"; Value = ""; VariantName = "[No Variations]"
Change component parameters: Designator = "U2" ("U2"); Footprint = "FP-SOT89-MFG"; UniqueID = "\GBLGUHYG" ("\GBLGUHYG")
Change component parameters (AddParameter): Name = "Arrow_Electronics-Purchase-URL"; Value = "https://snapeda.com/shop?store=Arrow+Electronics&id=1099789"; VariantName = "[No Variations]"
Change component parameters (AddParameter): Name = "Arrow_Purchase_URL"; Value = ""; VariantName = "[No Variations]"
Change component parameters (AddParameter): Name = "MF"; Value = "Microchip"; VariantName = "[No Variations]"
Change component parameters (AddParameter): Name = "Mouser-Purchase-URL"; Value = "https://snapeda.com/shop?store=Mouser&id=1099789"; VariantName = "[No Variations]"
Change component parameters (AddParameter): Name = "MP"; Value = "MCP73831T-3ACI/OT"; VariantName = "[No Variations]"
Change component parameters (AddParameter): Name = "Package"; Value = "SOT-23-5 Microchip"; VariantName = "[No Variations]"
Change component parameters (AddParameter): Name = "SnapEDA_Link"; Value = "https://www.snapeda.com/parts/MCP73831T-3ACI/OT/Microchip/view-part/1099789/?ref=snap"; VariantName = "[No Variations]"
Change component parameters (AddParameter): Name = "Value"; Value = ""; VariantName = "[No Variations]"
Change component parameters: Designator = "U3" ("U3"); Footprint = "FP-UX-MFG"; UniqueID = "\ISWNTSLX" ("\ISWNTSLX")
Change component parameters (AddParameter): Name = "Accuracy Percentage"; Value = "1%"; VariantName = "[No Variations]"
Change component parameters (AddParameter): Name = "Automotive"; Value = "No"; VariantName = "[No Variations]"
Change component parameters (AddParameter): Name = "Category"; Value = "IC"; VariantName = "[No Variations]"
Change component parameters (AddParameter): Name = "ComponentLink2Description"; Value = "Datasheet"; VariantName = "[No Variations]"
Change component parameters (AddParameter): Name = "ComponentLink2URL"; Value = "https://www.diodes.com/assets/Datasheets/AZ1117C.pdf"; VariantName = "[No Variations]"
Change component parameters (AddParameter): Name = "Device Class L1"; Value = "Integrated Circuits (ICs)"; VariantName = "[No Variations]"
Change component parameters (AddParameter): Name = "Device Class L2"; Value = "Power Management ICs"; VariantName = "[No Variations]"
Change component parameters (AddParameter): Name = "Device Class L3"; Value = "Voltage Regulators - Linear"; VariantName = "[No Variations]"
Change component parameters (AddParameter): Name = "Digikey Description"; Value = "IC REG LINEAR 3.3V 800MA SOT89"; VariantName = "[No Variations]"
Change component parameters (AddParameter): Name = "Dropout Voltage"; Value = "1.2V"; VariantName = "[No Variations]"
Change component parameters (AddParameter): Name = "Footprint Url"; Value = "https://www.diodes.com/assets/Package-Files/SOT89.pdf"; VariantName = "[No Variations]"
Change component parameters (AddParameter): Name = "Height"; Value = "1.6mm"; VariantName = "[No Variations]"
Change component parameters (AddParameter): Name = "Lead Free"; Value = "Yes"; VariantName = "[No Variations]"
Change component parameters (AddParameter): Name = "Manufacturer"; Value = "Diodes Inc."; VariantName = "[No Variations]"
Change component parameters (AddParameter): Name = "Manufacturer Part Number"; Value = "AZ1117CR-3.3TRG1"; VariantName = "[No Variations]"
Change component parameters (AddParameter): Name = "Max Junction Temp"; Value = "+125°C"; VariantName = "[No Variations]"
Change component parameters (AddParameter): Name = "Max Supply Voltage"; Value = "15V"; VariantName = "[No Variations]"
Change component parameters (AddParameter): Name = "Mouser Description"; Value = "DiodesZetex AZ1117CR-3.3TRG1, LDO Regulator, 800mA, 3.3 V, ±1% 3-Pin, SOT-89"; VariantName = "[No Variations]"
Change component parameters (AddParameter): Name = "Nominal Supply Current"; Value = "4mA"; VariantName = "[No Variations]"
Change component parameters (AddParameter): Name = "Number Of Outputs"; Value = "1"; VariantName = "[No Variations]"
Change component parameters (AddParameter): Name = "Octopart"; Value = "https://octopart.com/az1117cr-3.3trg1-diodes+inc.-30954805"; VariantName = "[No Variations]"
Change component parameters (AddParameter): Name = "Output Current"; Value = "1.35A"; VariantName = "[No Variations]"
Change component parameters (AddParameter): Name = "Output Type"; Value = "Fixed"; VariantName = "[No Variations]"
Change component parameters (AddParameter): Name = "Output Voltage"; Value = "3.3V"; VariantName = "[No Variations]"
Change component parameters (AddParameter): Name = "Package"; Value = "SOT89"; VariantName = "[No Variations]"
Change component parameters (AddParameter): Name = "RoHS"; Value = "TRUE"; VariantName = "[No Variations]"
Change component parameters (AddParameter): Name = "Temperature"; Value = "-20°C to +125°C"; VariantName = "[No Variations]"
Change component parameters (AddParameter): Name = "Temperature Range High"; Value = "+125°C"; VariantName = "[No Variations]"
Change component parameters (AddParameter): Name = "Temperature Range Low"; Value = "-20°C"; VariantName = "[No Variations]"
Added Component: Designator=D5(LED_1206)
Add component (AddParameter): Name = "Availability"; Value = "Unavailable"; VariantName = "[No Variations]"
Add component (AddParameter): Name = "MF"; Value = "Lite-On Inc."; VariantName = "[No Variations]"
Add component (AddParameter): Name = "MP"; Value = "LTST-C230KSKT"; VariantName = "[No Variations]"
Add component (AddParameter): Name = "Package"; Value = "1206 Lite-On"; VariantName = "[No Variations]"
Add component (AddParameter): Name = "Price"; Value = "None"; VariantName = "[No Variations]"
Add component (AddParameter): Name = "SnapEDA_Link"; Value = "https://www.snapeda.com/parts/LTST-C230KSKT/Lite-On%20Inc./view-part/264912/?ref=snap"; VariantName = "[No Variations]"
Add component (AddParameter): Name = "Value"; Value = ""; VariantName = "[No Variations]"
Added Component: Designator=D6(LED_1206)
Add component (AddParameter): Name = "Availability"; Value = "Unavailable"; VariantName = "[No Variations]"
Add component (AddParameter): Name = "MF"; Value = "Lite-On Inc."; VariantName = "[No Variations]"
Add component (AddParameter): Name = "MP"; Value = "LTST-C230KSKT"; VariantName = "[No Variations]"
Add component (AddParameter): Name = "Package"; Value = "1206 Lite-On"; VariantName = "[No Variations]"
Add component (AddParameter): Name = "Price"; Value = "None"; VariantName = "[No Variations]"
Add component (AddParameter): Name = "SnapEDA_Link"; Value = "https://www.snapeda.com/parts/LTST-C230KSKT/Lite-On%20Inc./view-part/264912/?ref=snap"; VariantName = "[No Variations]"
Add component (AddParameter): Name = "Value"; Value = ""; VariantName = "[No Variations]"
Added Component: Designator=External Prog1(SMTC-SSW-106-02-X-S)
Add component (AddParameter): Name = "ComponentLink1Description"; Value = "Manufacturer URL"; VariantName = "[No Variations]"
Add component (AddParameter): Name = "ComponentLink1URL"; Value = "http://www.samtec.com"; VariantName = "[No Variations]"
Add component (AddParameter): Name = "ComponentLink2Description"; Value = "Datasheet"; VariantName = "[No Variations]"
Add component (AddParameter): Name = "ComponentLink2URL"; Value = "http://www.samtec.com/documents/webfiles/pdf/SSW_TH.PDF"; VariantName = "[No Variations]"
Add component (AddParameter): Name = "ComponentLink3Description"; Value = "Package Specification"; VariantName = "[No Variations]"
Add component (AddParameter): Name = "ComponentLink3URL"; Value = "http://www.samtec.com/documents/webfiles/cpdf/SSW-1XX-XX-XXX-X-XX-XXX-XX-MKT.pdf"; VariantName = "[No Variations]"
Add component (AddParameter): Name = "DatasheetVersion"; Value = "F-214"; VariantName = "[No Variations]"
Add component (AddParameter): Name = "Manufacturer"; Value = "Samtec"; VariantName = "[No Variations]"
Add component (AddParameter): Name = "Mounting Technology"; Value = "Through-hole"; VariantName = "[No Variations]"
Add component (AddParameter): Name = "Orientation"; Value = "Vertical"; VariantName = "[No Variations]"
Add component (AddParameter): Name = "PackageDescription"; Value = "Assembly, Socket Strip .016 X .031 Tail"; VariantName = "[No Variations]"
Add component (AddParameter): Name = "PackageReference"; Value = "SSW-106-02-X-S"; VariantName = "[No Variations]"
Add component (AddParameter): Name = "PackageVersion"; Value = "CA, 6/1987"; VariantName = "[No Variations]"
Add component (AddParameter): Name = "PartNumber"; Value = "SSW-106-02-G-S"; VariantName = "[No Variations]"
Add component (AddParameter): Name = "Pitch"; Value = "2.54 mm"; VariantName = "[No Variations]"
Add component (AddParameter): Name = "RoHS"; Value = "True"; VariantName = "[No Variations]"
Add component (AddParameter): Name = "Temperature Range"; Value = "-55 to 125 degC"; VariantName = "[No Variations]"
Add Component: Footprint Not Found MHDR1X2
Added Component: Designator=PWR1(RES_1206)
Added Component: Designator=Q1(INF-PG-SOT23_M)
Add component (AddParameter): Name = "ComponentLink1Description"; Value = "Manufacturer URL"; VariantName = "[No Variations]"
Add component (AddParameter): Name = "ComponentLink1URL"; Value = "http://www.infineon.com/"; VariantName = "[No Variations]"
Add component (AddParameter): Name = "ComponentLink2Description"; Value = "Datasheet"; VariantName = "[No Variations]"
Add component (AddParameter): Name = "ComponentLink2URL"; Value = "http://www.infineon.com/dgdl/2N7002_Rev2.4.pdf?folderId=db3a3043156fd573011622e10b5c1f67&fileId=db3a304319bc939a0119c2a9461e79e6"; VariantName = "[No Variations]"
Add component (AddParameter): Name = "ComponentLink3Description"; Value = "Package Specification"; VariantName = "[No Variations]"
Add component (AddParameter): Name = "ComponentLink3URL"; Value = "http://www.infineon.com/dgdl/SOT23-Package_Overview.pdf?folderId=db3a30431936bc4b0119532290053c66&fileId=db3a30431936bc4b0119533468123c85"; VariantName = "[No Variations]"
Add component (AddParameter): Name = "DatasheetVersion"; Value = "Rev. 2.4"; VariantName = "[No Variations]"
Add component (AddParameter): Name = "Green"; Value = "TRUE"; VariantName = "[No Variations]"
Add component (AddParameter): Name = "Halogen-free"; Value = "TRUE"; VariantName = "[No Variations]"
Add component (AddParameter): Name = "ID (max)"; Value = "0.3Â A"; VariantName = "[No Variations]"
Add component (AddParameter): Name = "IDpuls (max)"; Value = "1.2Â A"; VariantName = "[No Variations]"
Add component (AddParameter): Name = "Manufacturer"; Value = "Infineon"; VariantName = "[No Variations]"
Add component (AddParameter): Name = "Mounting Technology"; Value = "Surface Mount"; VariantName = "[No Variations]"
Add component (AddParameter): Name = "PackageDescription"; Value = "3-Pin Small Outline Transistor Package, 2.9 x 1.3 mm Body, 0.95 mm Pitch"; VariantName = "[No Variations]"
Add component (AddParameter): Name = "PackageReference"; Value = "PG-SOT23"; VariantName = "[No Variations]"
Add component (AddParameter): Name = "PackageVersion"; Value = "Apr-08"; VariantName = "[No Variations]"
Add component (AddParameter): Name = "Packing"; Value = "Reel"; VariantName = "[No Variations]"
Add component (AddParameter): Name = "PartNumber"; Value = "2N7002"; VariantName = "[No Variations]"
Add component (AddParameter): Name = "Ptot (max)"; Value = "0.5Â W"; VariantName = "[No Variations]"
Add component (AddParameter): Name = "QG"; Value = "0.4Â nC"; VariantName = "[No Variations]"
Add component (AddParameter): Name = "RDS (on) (max)"; Value = "3,000 mOhm"; VariantName = "[No Variations]"
Add component (AddParameter): Name = "RDS (on) (max) (@4.5V)"; Value = "4,000 mOhm"; VariantName = "[No Variations]"
Add component (AddParameter): Name = "RthJA (max)"; Value = "250 K/W"; VariantName = "[No Variations]"
Add component (AddParameter): Name = "VDS (max)"; Value = "60 V"; VariantName = "[No Variations]"
Add component (AddParameter): Name = "VGS(th) (max)"; Value = "2.5Â V"; VariantName = "[No Variations]"
Add component (AddParameter): Name = "VGS(th) (min)"; Value = "1.5Â V"; VariantName = "[No Variations]"
Added Component: Designator=Q2(INF-PG-SOT23_M)
Add component (AddParameter): Name = "ComponentLink1Description"; Value = "Manufacturer URL"; VariantName = "[No Variations]"
Add component (AddParameter): Name = "ComponentLink1URL"; Value = "http://www.infineon.com/"; VariantName = "[No Variations]"
Add component (AddParameter): Name = "ComponentLink2Description"; Value = "Datasheet"; VariantName = "[No Variations]"
Add component (AddParameter): Name = "ComponentLink2URL"; Value = "http://www.infineon.com/dgdl/2N7002_Rev2.4.pdf?folderId=db3a3043156fd573011622e10b5c1f67&fileId=db3a304319bc939a0119c2a9461e79e6"; VariantName = "[No Variations]"
Add component (AddParameter): Name = "ComponentLink3Description"; Value = "Package Specification"; VariantName = "[No Variations]"
Add component (AddParameter): Name = "ComponentLink3URL"; Value = "http://www.infineon.com/dgdl/SOT23-Package_Overview.pdf?folderId=db3a30431936bc4b0119532290053c66&fileId=db3a30431936bc4b0119533468123c85"; VariantName = "[No Variations]"
Add component (AddParameter): Name = "DatasheetVersion"; Value = "Rev. 2.4"; VariantName = "[No Variations]"
Add component (AddParameter): Name = "Green"; Value = "TRUE"; VariantName = "[No Variations]"
Add component (AddParameter): Name = "Halogen-free"; Value = "TRUE"; VariantName = "[No Variations]"
Add component (AddParameter): Name = "ID (max)"; Value = "0.3Â A"; VariantName = "[No Variations]"
Add component (AddParameter): Name = "IDpuls (max)"; Value = "1.2Â A"; VariantName = "[No Variations]"
Add component (AddParameter): Name = "Manufacturer"; Value = "Infineon"; VariantName = "[No Variations]"
Add component (AddParameter): Name = "Mounting Technology"; Value = "Surface Mount"; VariantName = "[No Variations]"
Add component (AddParameter): Name = "PackageDescription"; Value = "3-Pin Small Outline Transistor Package, 2.9 x 1.3 mm Body, 0.95 mm Pitch"; VariantName = "[No Variations]"
Add component (AddParameter): Name = "PackageReference"; Value = "PG-SOT23"; VariantName = "[No Variations]"
Add component (AddParameter): Name = "PackageVersion"; Value = "Apr-08"; VariantName = "[No Variations]"
Add component (AddParameter): Name = "Packing"; Value = "Reel"; VariantName = "[No Variations]"
Add component (AddParameter): Name = "PartNumber"; Value = "2N7002"; VariantName = "[No Variations]"
Add component (AddParameter): Name = "Ptot (max)"; Value = "0.5Â W"; VariantName = "[No Variations]"
Add component (AddParameter): Name = "QG"; Value = "0.4Â nC"; VariantName = "[No Variations]"
Add component (AddParameter): Name = "RDS (on) (max)"; Value = "3,000 mOhm"; VariantName = "[No Variations]"
Add component (AddParameter): Name = "RDS (on) (max) (@4.5V)"; Value = "4,000 mOhm"; VariantName = "[No Variations]"
Add component (AddParameter): Name = "RthJA (max)"; Value = "250 K/W"; VariantName = "[No Variations]"
Add component (AddParameter): Name = "VDS (max)"; Value = "60 V"; VariantName = "[No Variations]"
Add component (AddParameter): Name = "VGS(th) (max)"; Value = "2.5Â V"; VariantName = "[No Variations]"
Add component (AddParameter): Name = "VGS(th) (min)"; Value = "1.5Â V"; VariantName = "[No Variations]"
Added Component: Designator=R13(RES_1206)
Added Component: Designator=R14(RES_1206)
Added Component: Designator=R15(RES_1206)
Added Component: Designator=R16(RES_1206)
Added Component: Designator=R17(RES_1206)
Added Component: Designator=R18(RES_1206)
Added Component: Designator=Sldr_MOS1(RES_0603)
Added Component: Designator=Sldr_MOS2(RES_0603)
Added Component: Designator=SW-IO0(434331045822)
Add component (AddParameter): Name = "ComponentLink1Description"; Value = "Manufacturer URL"; VariantName = "[No Variations]"
Add component (AddParameter): Name = "ComponentLink1URL"; Value = "http://www.we-online.com"; VariantName = "[No Variations]"
Add component (AddParameter): Name = "ComponentLink2Description"; Value = "Datasheet"; VariantName = "[No Variations]"
Add component (AddParameter): Name = "ComponentLink2URL"; Value = "http://katalog.we-online.de/em/datasheet/434331045822.pdf"; VariantName = "[No Variations]"
Add component (AddParameter): Name = "Manufacturer"; Value = "Wuerth Elektronik"; VariantName = "[No Variations]"
Add component (AddParameter): Name = "NoPins"; Value = "04"; VariantName = "[No Variations]"
Add component (AddParameter): Name = "PackageReference"; Value = "434331045822"; VariantName = "[No Variations]"
Add component (AddParameter): Name = "PartNumber"; Value = "434331045822"; VariantName = "[No Variations]"
Added Component: Designator=U4(FP-CP2104-F03-GMR-MFG)
Add component (AddParameter): Name = "Ambient Temperature Range High"; Value = "+125°C"; VariantName = "[No Variations]"
Add component (AddParameter): Name = "Ambient Temperature Range Low"; Value = "-55°C"; VariantName = "[No Variations]"
Add component (AddParameter): Name = "Automotive"; Value = "No"; VariantName = "[No Variations]"
Add component (AddParameter): Name = "Category"; Value = "IC"; VariantName = "[No Variations]"
Add component (AddParameter): Name = "ComponentLink2Description"; Value = "Datasheet"; VariantName = "[No Variations]"
Add component (AddParameter): Name = "ComponentLink2URL"; Value = "https://www.silabs.com/documents/public/data-sheets/cp2104.pdf"; VariantName = "[No Variations]"
Add component (AddParameter): Name = "Device Class L1"; Value = "Integrated Circuits (ICs)"; VariantName = "[No Variations]"
Add component (AddParameter): Name = "Device Class L2"; Value = "Interface ICs"; VariantName = "[No Variations]"
Add component (AddParameter): Name = "Device Class L3"; Value = "Controllers"; VariantName = "[No Variations]"
Add component (AddParameter): Name = "Digikey Description"; Value = "IC SGL USB-TO-UART BRIDGE 24QFN"; VariantName = "[No Variations]"
Add component (AddParameter): Name = "Height"; Value = "0.8mm"; VariantName = "[No Variations]"
Add component (AddParameter): Name = "Interface"; Value = "UART,USB"; VariantName = "[No Variations]"
Add component (AddParameter): Name = "Ipc Land Pattern Name"; Value = "QFN50P400X400X75-24"; VariantName = "[No Variations]"
Add component (AddParameter): Name = "Lead Free"; Value = "Yes"; VariantName = "[No Variations]"
Add component (AddParameter): Name = "Manufacturer"; Value = "Silicon Laboratories"; VariantName = "[No Variations]"
Add component (AddParameter): Name = "Manufacturer Part Number"; Value = "CP2104-F03-GMR"; VariantName = "[No Variations]"
Add component (AddParameter): Name = "Max Supply Voltage"; Value = "3.6V"; VariantName = "[No Variations]"
Add component (AddParameter): Name = "Min Supply Voltage"; Value = "1.8V"; VariantName = "[No Variations]"
Add component (AddParameter): Name = "Mouser Description"; Value = "I/O Controller Interface IC USB to UART bridge"; VariantName = "[No Variations]"
Add component (AddParameter): Name = "Nominal Supply Current"; Value = "100-17000uA"; VariantName = "[No Variations]"
Add component (AddParameter): Name = "Octopart"; Value = "https://octopart.com/cp2104-f03-gmr-silicon+labs-19668642"; VariantName = "[No Variations]"
Add component (AddParameter): Name = "Package"; Value = "CP2104-F03-GMR"; VariantName = "[No Variations]"
Add component (AddParameter): Name = "RoHS"; Value = "TRUE"; VariantName = "[No Variations]"
Add component (AddParameter): Name = "Standoff Height"; Value = "0mm"; VariantName = "[No Variations]"
Add component (AddParameter): Name = "Temperature"; Value = "-40°C to +85°C"; VariantName = "[No Variations]"
Add component (AddParameter): Name = "Temperature Range High"; Value = "+85°C"; VariantName = "[No Variations]"
Add component (AddParameter): Name = "Temperature Range Low"; Value = "-40°C"; VariantName = "[No Variations]"
Added Pin To Net: NetName=VBAT Pin=C1-2
Added Pin To Net: NetName=VBUS Pin=C2-2
Added Pin To Net: NetName=EN Pin=C4-2
Added Pin To Net: NetName=VBAT Pin=C5-2
Added Pin To Net: NetName=GND Pin=External Prog1-1
Added Pin To Net: NetName=3.3V Pin=External Prog1-3
Add Pin To Net: Unknown Pin: Pin NoBat1-1
Add Pin To Net: Unknown Pin: Pin NoBat1-2
Added Pin To Net: NetName=SDA Pin=P1-7
Added Pin To Net: NetName=SCL Pin=P1-8
Added Pin To Net: NetName=3.3V Pin=P1-9
Added Pin To Net: NetName=GND Pin=P1-10
Added Pin To Net: NetName=GND Pin=P2-1
Added Pin To Net: NetName=VBAT Pin=P2-2
Added Pin To Net: NetName=3.3V Pin=PWR1-1
Added Pin To Net: NetName=3.3V Pin=R9-1
Added Pin To Net: NetName=EN Pin=R9-2
Added Pin To Net: NetName=NetD3_A Pin=R10-1
Added Pin To Net: NetName=VBAT Pin=R10-2
Added Pin To Net: NetName=NetD4_A Pin=R11-1
Added Pin To Net: NetName=3.3V Pin=R11-2
Added Pin To Net: NetName=VBUS Pin=R12-1
Added Pin To Net: NetName=VBUS Pin=R13-1
Added Pin To Net: NetName=GND Pin=R15-1
Added Pin To Net: NetName=VBUS Pin=R17-1
Added Pin To Net: NetName=VBUS Pin=R18-1
Added Pin To Net: NetName=GND Pin=SW-EN-2
Added Pin To Net: NetName=EN Pin=SW-EN-3
Added Pin To Net: NetName=GND Pin=SW-IO0-2
Added Pin To Net: NetName=GND Pin=SW-IO0-4
Added Pin To Net: NetName=GND Pin=U1-1
Added Pin To Net: NetName=3.3V Pin=U1-2
Added Pin To Net: NetName=EN Pin=U1-3
Added Pin To Net: NetName=GND Pin=U1-15
Added Pin To Net: NetName=SDA Pin=U1-33
Added Pin To Net: NetName=SCL Pin=U1-36
Added Pin To Net: NetName=GND Pin=U1-38
Added Pin To Net: NetName=GND Pin=U1-39_1
Added Pin To Net: NetName=GND Pin=U1-39_2
Added Pin To Net: NetName=GND Pin=U1-39_3
Added Pin To Net: NetName=GND Pin=U1-39_4
Added Pin To Net: NetName=GND Pin=U1-39_5
Added Pin To Net: NetName=GND Pin=U1-39_6
Added Pin To Net: NetName=GND Pin=U1-39_7
Added Pin To Net: NetName=GND Pin=U1-39_8
Added Pin To Net: NetName=GND Pin=U1-39_9
Added Pin To Net: NetName=NetR7_1 Pin=U2-1
Added Pin To Net: NetName=GND Pin=U2-2
Added Pin To Net: NetName=VBUS Pin=U2-4
Added Pin To Net: NetName=Bat_Prog Pin=U2-5
Added Pin To Net: NetName=GND Pin=U3-1
Added Pin To Net: NetName=3.3V Pin=U3-2
Added Pin To Net: NetName=VBAT Pin=U3-3
Added Pin To Net: NetName=GND Pin=U4-2
Added Pin To Net: NetName=D_USB_P Pin=U4-3
Added Pin To Net: NetName=D_USB_N Pin=U4-4
Added Pin To Net: NetName=GND Pin=U4-25
Added Pin To Net: NetName=CLK (2) Pin=P1-5
Added Pin To Net: NetName=CLK (2) Pin=U1-30
Added Net: Name=CLK (2)
Added Pin To Net: NetName=CP2104 PWR Pin=PWR1-2
Added Pin To Net: NetName=CP2104 PWR Pin=U4-5
Added Pin To Net: NetName=CP2104 PWR Pin=U4-6
Added Pin To Net: NetName=CP2104 PWR Pin=U4-7
Added Net: Name=CP2104 PWR
Added Pin To Net: NetName=DTR Pin=Sldr_MOS1-2
Added Pin To Net: NetName=DTR Pin=U4-23
Added Net: Name=DTR
Added Pin To Net: NetName=IO0 Pin=C3-2
Added Pin To Net: NetName=IO0 Pin=SW-IO0-1
Added Pin To Net: NetName=IO0 Pin=SW-IO0-3
Added Pin To Net: NetName=IO0 Pin=U1-25
Added Net: Name=IO0
Added Pin To Net: NetName=IO2 Pin=R5-1
Added Pin To Net: NetName=IO2 Pin=R8-2
Added Pin To Net: NetName=IO2 Pin=U1-24
Added Net: Name=IO2
Added Pin To Net: NetName=IO4, BL(6) Pin=P1-1
Added Pin To Net: NetName=IO4, BL(6) Pin=U1-26
Added Net: Name=IO4, BL(6)
Added Pin To Net: NetName=IO5, CS(3) Pin=P1-4
Added Pin To Net: NetName=IO5, CS(3) Pin=U1-29
Added Net: Name=IO5, CS(3)
Added Pin To Net: NetName=IO12 Pin=U1-14
Added Net: Name=IO12
Added Pin To Net: NetName=IO13 Pin=U1-16
Added Net: Name=IO13
Added Pin To Net: NetName=IO14 Pin=U1-13
Added Net: Name=IO14
Added Pin To Net: NetName=IO15 Pin=U1-23
Added Net: Name=IO15
Added Pin To Net: NetName=IO16, RST(5) Pin=P1-2
Added Pin To Net: NetName=IO16, RST(5) Pin=U1-27
Added Net: Name=IO16, RST(5)
Added Pin To Net: NetName=IO17, D/MD(4) Pin=P1-3
Added Pin To Net: NetName=IO17, D/MD(4) Pin=U1-28
Added Net: Name=IO17, D/MD(4)
Added Pin To Net: NetName=MISO Pin=U1-31
Added Net: Name=MISO
Added Pin To Net: NetName=MOSI (1) Pin=P1-6
Added Pin To Net: NetName=MOSI (1) Pin=U1-37
Added Net: Name=MOSI (1)
Added Pin To Net: NetName=NetD5_A Pin=D5-A
Added Pin To Net: NetName=NetD5_A Pin=R17-2
Added Net: Name=NetD5_A
Added Pin To Net: NetName=NetD6_A Pin=D6-A
Added Pin To Net: NetName=NetD6_A Pin=R18-2
Added Net: Name=NetD6_A
Added Pin To Net: NetName=NetQ1_1 Pin=Q1-1
Added Pin To Net: NetName=NetQ1_1 Pin=R14-2
Added Net: Name=NetQ1_1
Added Pin To Net: NetName=NetQ1_2 Pin=Q1-2
Added Pin To Net: NetName=NetQ1_2 Pin=R16-1
Added Pin To Net: NetName=NetQ1_2 Pin=Sldr_MOS1-1
Added Net: Name=NetQ1_2
Added Pin To Net: NetName=NetQ1_3 Pin=Q1-3
Added Net: Name=NetQ1_3
Added Pin To Net: NetName=NetQ2_1 Pin=Q2-1
Added Pin To Net: NetName=NetQ2_1 Pin=R16-2
Added Net: Name=NetQ2_1
Added Pin To Net: NetName=NetQ2_2 Pin=Q2-2
Added Pin To Net: NetName=NetQ2_2 Pin=R14-1
Added Pin To Net: NetName=NetQ2_2 Pin=Sldr_MOS2-1
Added Net: Name=NetQ2_2
Added Pin To Net: NetName=NetQ2_3 Pin=Q2-3
Added Net: Name=NetQ2_3
Added Pin To Net: NetName=NetR12_2 Pin=R12-2
Added Pin To Net: NetName=NetR12_2 Pin=U4-9
Added Net: Name=NetR12_2
Added Pin To Net: NetName=NetR13_2 Pin=R13-2
Added Pin To Net: NetName=NetR13_2 Pin=R15-2
Added Pin To Net: NetName=NetR13_2 Pin=U4-8
Added Net: Name=NetR13_2
Added Pin To Net: NetName=RTS Pin=Sldr_MOS2-2
Added Pin To Net: NetName=RTS Pin=U4-19
Added Net: Name=RTS
Added Pin To Net: NetName=RX_D Pin=External Prog1-4
Added Pin To Net: NetName=RX_D Pin=U1-34
Added Pin To Net: NetName=RX_D Pin=U4-21
Added Net: Name=RX_D
Added Pin To Net: NetName=RX_Led Pin=D6-C
Added Pin To Net: NetName=RX_Led Pin=U4-13
Added Net: Name=RX_Led
Added Pin To Net: NetName=TX_D Pin=External Prog1-5
Added Pin To Net: NetName=TX_D Pin=U1-35
Added Pin To Net: NetName=TX_D Pin=U4-20
Added Net: Name=TX_D
Added Pin To Net: NetName=TX_Led Pin=D5-C
Added Pin To Net: NetName=TX_Led Pin=U4-14
Added Net: Name=TX_Led
Change Class Name : Old Net Name=CPU_Schem New Net Name=CPUWroom_Schem
Added Class: Name=CPU_Programmer_Schem
Add Class Member: Failed to add class member : Component NoBat1 VBUS
Added Member To Class: ClassName=CPUWroom_Schem Member=Component SW-IO0 434331045822
