Added Component: Designator=1(KSTN-5003)
Add component (AddParameter): Name = "Case/Package"; Value = "5003"; VariantName = "[No Variations]"
Add component (AddParameter): Name = "Colour"; Value = "Orange"; VariantName = "[No Variations]"
Add component (AddParameter): Name = "Connector Type"; Value = "TestPoint"; VariantName = "[No Variations]"
Add component (AddParameter): Name = "Contact Material"; Value = "Bronze"; VariantName = "[No Variations]"
Add component (AddParameter): Name = "Contact Plating"; Value = "Tin"; VariantName = "[No Variations]"
Add component (AddParameter): Name = "Datasheet URL"; Value = "http://keyelco.com/userAssets/file/M65p56.pdf"; VariantName = "[No Variations]"
Add component (AddParameter): Name = "Datasheet Version"; Value = "Jun-15"; VariantName = "[No Variations]"
Add component (AddParameter): Name = "Diameter"; Value = "2.54mm"; VariantName = "[No Variations]"
Add component (AddParameter): Name = "Gender"; Value = ""; VariantName = "[No Variations]"
Add component (AddParameter): Name = "Manufacturer"; Value = "Keystone"; VariantName = "[No Variations]"
Add component (AddParameter): Name = "Manufacturer URL"; Value = "http://www.keyelco.com/"; VariantName = "[No Variations]"
Add component (AddParameter): Name = "Max Current Rating"; Value = ""; VariantName = "[No Variations]"
Add component (AddParameter): Name = "Max Operating Temperature"; Value = ""; VariantName = "[No Variations]"
Add component (AddParameter): Name = "Min Operating Temperature"; Value = ""; VariantName = "[No Variations]"
Add component (AddParameter): Name = "Mounting Technology"; Value = "TH"; VariantName = "[No Variations]"
Add component (AddParameter): Name = "Package Description"; Value = "1-Pin Through Hole Device, Dia 2.54 mm"; VariantName = "[No Variations]"
Add component (AddParameter): Name = "Package Quantity"; Value = "10"; VariantName = "[No Variations]"
Add component (AddParameter): Name = "Package Reference"; Value = "5003"; VariantName = "[No Variations]"
Add component (AddParameter): Name = "Packaging"; Value = "Bulk"; VariantName = "[No Variations]"
Add component (AddParameter): Name = "Pins"; Value = "1"; VariantName = "[No Variations]"
Add component (AddParameter): Name = "RoHS Compliant"; Value = "True"; VariantName = "[No Variations]"
Add component (AddParameter): Name = "Voltage Rating"; Value = ""; VariantName = "[No Variations]"
Add Component: Footprint Not Found PCB_Antenna_2.4GHz_50Ohm
Added Component: Designator=Buz1(KINGS-KPEG242-2)
Add component (AddParameter): Name = "Category"; Value = "AudioIndicatorsandAlerts"; VariantName = "[No Variations]"
Add component (AddParameter): Name = "Current - Max"; Value = "7A"; VariantName = "[No Variations]"
Add component (AddParameter): Name = "Datasheet URL"; Value = "https://datasheet.ciiva.com/11776/0900766b8068f3a2-11776713.pdf"; VariantName = "[No Variations]"
Add component (AddParameter): Name = "Datasheet Version"; Value = "01/2006"; VariantName = "[No Variations]"
Add component (AddParameter): Name = "Frequency Range"; Value = "3600to4600Hz"; VariantName = "[No Variations]"
Add component (AddParameter): Name = "Manufacturer"; Value = "KingstateElectronicsCorp."; VariantName = "[No Variations]"
Add component (AddParameter): Name = "Manufacturer URL"; Value = "http://www.kingstate.com.tw/index.php/en/"; VariantName = "[No Variations]"
Add component (AddParameter): Name = "Maximum Resonant Frequency"; Value = "4600Hz"; VariantName = "[No Variations]"
Add component (AddParameter): Name = "Maximum Supply Current"; Value = "7mA"; VariantName = "[No Variations]"
Add component (AddParameter): Name = "Minimum Sound Pressure"; Value = "70dBA"; VariantName = "[No Variations]"
Add component (AddParameter): Name = "Mounting"; Value = "ThroughHole"; VariantName = "[No Variations]"
Add component (AddParameter): Name = "Mounting Technology"; Value = "ThroughHole"; VariantName = "[No Variations]"
Add component (AddParameter): Name = "Operating Temperature"; Value = "-20to70°C"; VariantName = "[No Variations]"
Add component (AddParameter): Name = "Package Description"; Value = "2-Pin Through Hole Device, Body Dia 13.7 mm, Pitch 7.62 mm"; VariantName = "[No Variations]"
Add component (AddParameter): Name = "Package Reference"; Value = "KPEG242"; VariantName = "[No Variations]"
Add component (AddParameter): Name = "PartNumber"; Value = "KPE-242"; VariantName = "[No Variations]"
Add component (AddParameter): Name = "Product Diameter"; Value = "13.7mm"; VariantName = "[No Variations]"
Add component (AddParameter): Name = "Product Height"; Value = "7.6mm"; VariantName = "[No Variations]"
Add component (AddParameter): Name = "Technology"; Value = "Piezo"; VariantName = "[No Variations]"
Add component (AddParameter): Name = "Termination Method"; Value = "Pin"; VariantName = "[No Variations]"
Add component (AddParameter): Name = "Tone Mode"; Value = "Continuous"; VariantName = "[No Variations]"
Add component (AddParameter): Name = "Type"; Value = "Indicator"; VariantName = "[No Variations]"
Add component (AddParameter): Name = "Typical Operating Supply Voltage"; Value = "12Vdc"; VariantName = "[No Variations]"
Add Component: Footprint Not Found CAP_1206
Add Component: Footprint Not Found CAP_1206
Add Component: Footprint Not Found CAP_1206
Add Component: Footprint Not Found CAP_1206
Add Component: Footprint Not Found CAP_1206
Add Component: Footprint Not Found CAP_1206
Add Component: Footprint Not Found CAP_1206
Add Component: Footprint Not Found CAP_1206
Add Component: Footprint Not Found CAP_1206
Add Component: Footprint Not Found CAP_1206
Add Component: Footprint Not Found CAP_1206
Add Component: Footprint Not Found CAP_1206
Add Component: Footprint Not Found CAP_1206
Add Component: Footprint Not Found CAP_1206
Add Component: Footprint Not Found CAP_1206
Add Component: Footprint Not Found CAP_1206
Added Component: Designator=D1(LFUS-SOT143-4_V)
Add component (AddParameter): Name = "Capacitance Value"; Value = "30pF"; VariantName = "[No Variations]"
Add component (AddParameter): Name = "Clamping Voltage"; Value = "8V"; VariantName = "[No Variations]"
Add component (AddParameter): Name = "Clamping Voltage (Max)"; Value = "8V"; VariantName = "[No Variations]"
Add component (AddParameter): Name = "Configuration"; Value = "Triple"; VariantName = "[No Variations]"
Add component (AddParameter): Name = "Datasheet URL"; Value = "https://datasheet.ciiva.com/15143/getdatasheetpartid-116020-15143550.pdf"; VariantName = "[No Variations]"
Add component (AddParameter): Name = "Datasheet Version"; Value = "Dec-13"; VariantName = "[No Variations]"
Add component (AddParameter): Name = "Direction Type"; Value = "Uni-Directional"; VariantName = "[No Variations]"
Add component (AddParameter): Name = "Leakage Current"; Value = "0.1uA"; VariantName = "[No Variations]"
Add component (AddParameter): Name = "Leakage Current (Max)"; Value = "0.1uA"; VariantName = "[No Variations]"
Add component (AddParameter): Name = "Manufacturer"; Value = "Littelfuse"; VariantName = "[No Variations]"
Add component (AddParameter): Name = "Manufacturer URL"; Value = "http://www.littelfuse.com/"; VariantName = "[No Variations]"
Add component (AddParameter): Name = "Mounting"; Value = "SurfaceMount"; VariantName = "[No Variations]"
Add component (AddParameter): Name = "Mounting Style"; Value = "SurfaceMount"; VariantName = "[No Variations]"
Add component (AddParameter): Name = "Number of Elements"; Value = "3"; VariantName = "[No Variations]"
Add component (AddParameter): Name = "Operating Temp Range"; Value = "-40Cto85C"; VariantName = "[No Variations]"
Add component (AddParameter): Name = "Operating Temperature Classification"; Value = "Industrial"; VariantName = "[No Variations]"
Add component (AddParameter): Name = "Operating Temperature Max Deg. C"; Value = "85C"; VariantName = "[No Variations]"
Add component (AddParameter): Name = "Operating Temperature Min Deg. C"; Value = "-40C"; VariantName = "[No Variations]"
Add component (AddParameter): Name = "Package / Case"; Value = "SOT-143"; VariantName = "[No Variations]"
Add component (AddParameter): Name = "Package Type"; Value = "SOT-143"; VariantName = "[No Variations]"
Add component (AddParameter): Name = "Packaging"; Value = "TapeandReel"; VariantName = "[No Variations]"
Add component (AddParameter): Name = "Pin Count"; Value = "3+Tab"; VariantName = "[No Variations]"
Add component (AddParameter): Name = "Polarity"; Value = "Uni-Directional"; VariantName = "[No Variations]"
Add component (AddParameter): Name = "Product Depth (mm)"; Value = "1.4mm"; VariantName = "[No Variations]"
Add component (AddParameter): Name = "Product Height (mm)"; Value = "1.05mm"; VariantName = "[No Variations]"
Add component (AddParameter): Name = "Product Length (mm)"; Value = "3.04mm"; VariantName = "[No Variations]"
Add component (AddParameter): Name = "Rad Hardened"; Value = "No"; VariantName = "[No Variations]"
Add component (AddParameter): Name = "Reverse Stand-off Voltage"; Value = "5.5(Min)V"; VariantName = "[No Variations]"
Add component (AddParameter): Name = "Suppressor Type"; Value = "TVS"; VariantName = "[No Variations]"
Add component (AddParameter): Name = "Working Voltage"; Value = "5.5V"; VariantName = "[No Variations]"
Add component (AddParameter): Name = "Working Voltage (Max)"; Value = "5.5V(Min)"; VariantName = "[No Variations]"
Added Component: Designator=D2(LED_1206)
Add component (AddParameter): Name = "Availability"; Value = "Unavailable"; VariantName = "[No Variations]"
Add component (AddParameter): Name = "MF"; Value = "Lite-On Inc."; VariantName = "[No Variations]"
Add component (AddParameter): Name = "MP"; Value = "LTST-C230KSKT"; VariantName = "[No Variations]"
Add component (AddParameter): Name = "Package"; Value = "1206 Lite-On"; VariantName = "[No Variations]"
Add component (AddParameter): Name = "Price"; Value = "None"; VariantName = "[No Variations]"
Add component (AddParameter): Name = "SnapEDA_Link"; Value = "https://www.snapeda.com/parts/LTST-C230KSKT/Lite-On%20Inc./view-part/264912/?ref=snap"; VariantName = "[No Variations]"
Add component (AddParameter): Name = "Value"; Value = ""; VariantName = "[No Variations]"
Added Component: Designator=D3(LED_1206)
Add component (AddParameter): Name = "Availability"; Value = "Unavailable"; VariantName = "[No Variations]"
Add component (AddParameter): Name = "MF"; Value = "Lite-On Inc."; VariantName = "[No Variations]"
Add component (AddParameter): Name = "MP"; Value = "LTST-C230KSKT"; VariantName = "[No Variations]"
Add component (AddParameter): Name = "Package"; Value = "1206 Lite-On"; VariantName = "[No Variations]"
Add component (AddParameter): Name = "Price"; Value = "None"; VariantName = "[No Variations]"
Add component (AddParameter): Name = "SnapEDA_Link"; Value = "https://www.snapeda.com/parts/LTST-C230KSKT/Lite-On%20Inc./view-part/264912/?ref=snap"; VariantName = "[No Variations]"
Add component (AddParameter): Name = "Value"; Value = ""; VariantName = "[No Variations]"
Added Component: Designator=D4(LED_1206)
Add component (AddParameter): Name = "Availability"; Value = "Unavailable"; VariantName = "[No Variations]"
Add component (AddParameter): Name = "MF"; Value = "Lite-On Inc."; VariantName = "[No Variations]"
Add component (AddParameter): Name = "MP"; Value = "LTST-C230KSKT"; VariantName = "[No Variations]"
Add component (AddParameter): Name = "Package"; Value = "1206 Lite-On"; VariantName = "[No Variations]"
Add component (AddParameter): Name = "Price"; Value = "None"; VariantName = "[No Variations]"
Add component (AddParameter): Name = "SnapEDA_Link"; Value = "https://www.snapeda.com/parts/LTST-C230KSKT/Lite-On%20Inc./view-part/264912/?ref=snap"; VariantName = "[No Variations]"
Add component (AddParameter): Name = "Value"; Value = ""; VariantName = "[No Variations]"
Added Component: Designator=I1(61300411121)
Add component (AddParameter): Name = "Contact Resistance"; Value = "20mOhm"; VariantName = "[No Variations]"
Add component (AddParameter): Name = "Datasheet URL"; Value = "https://katalog.we-online.de/em/datasheet/6130xx11121.pdf"; VariantName = "[No Variations]"
Add component (AddParameter): Name = "Gender"; Value = "Male"; VariantName = "[No Variations]"
Add component (AddParameter): Name = "Manufacturer"; Value = "Wurth Elektronik"; VariantName = "[No Variations]"
Add component (AddParameter): Name = "Manufacturer URL"; Value = "http://www.we-online.de"; VariantName = "[No Variations]"
Add component (AddParameter): Name = "Mounting Technology"; Value = "THT"; VariantName = "[No Variations]"
Add component (AddParameter): Name = "Operating Temperature"; Value = "-40to105degC"; VariantName = "[No Variations]"
Add component (AddParameter): Name = "Orientation"; Value = "Vertical"; VariantName = "[No Variations]"
Add component (AddParameter): Name = "Package Reference"; Value = "61300411121"; VariantName = "[No Variations]"
Add component (AddParameter): Name = "Packaging"; Value = "Bag"; VariantName = "[No Variations]"
Add component (AddParameter): Name = "Part Number"; Value = "61300411121"; VariantName = "[No Variations]"
Add component (AddParameter): Name = "Pin Number"; Value = "4"; VariantName = "[No Variations]"
Add component (AddParameter): Name = "Pitch"; Value = "2.54mm"; VariantName = "[No Variations]"
Add component (AddParameter): Name = "Publisher"; Value = "WurthElektronik"; VariantName = "[No Variations]"
Add component (AddParameter): Name = "Rated Current"; Value = "3A"; VariantName = "[No Variations]"
Add component (AddParameter): Name = "Row Number"; Value = "Single"; VariantName = "[No Variations]"
Add component (AddParameter): Name = "Withstanding Voltage"; Value = "500VAC"; VariantName = "[No Variations]"
Add component (AddParameter): Name = "Working Voltage"; Value = "250VAC"; VariantName = "[No Variations]"
Added Component: Designator=IC1(QFN50P500X500X90-33N-D)
Add component (AddParameter): Name = "Arrow Part Number"; Value = ""; VariantName = "[No Variations]"
Add component (AddParameter): Name = "Arrow Price/Stock"; Value = ""; VariantName = "[No Variations]"
Add component (AddParameter): Name = "Datasheet Link"; Value = "https://www.espressif.com/sites/default/files/documentation/esp32-c3_datasheet_en.pdf"; VariantName = "[No Variations]"
Add component (AddParameter): Name = "Height"; Value = "0.9mm"; VariantName = "[No Variations]"
Add component (AddParameter): Name = "Manufacturer_Name"; Value = "Espressif Systems"; VariantName = "[No Variations]"
Add component (AddParameter): Name = "Manufacturer_Part_Number"; Value = "ESP32-C3"; VariantName = "[No Variations]"
Add component (AddParameter): Name = "Mouser Part Number"; Value = "356-ESP32-C3"; VariantName = "[No Variations]"
Add component (AddParameter): Name = "Mouser Price/Stock"; Value = "https://www.mouser.co.uk/ProductDetail/Espressif-Systems/ESP32-C3?qs=iLbezkQI%252BsiMXe7tMG%252Bo%2FA%3D%3D"; VariantName = "[No Variations]"
Add Component: Footprint Not Found USB4105-GF-A-060
Added Component: Designator=L1(FP-LQW18AN_10-MFG)
Added Component: Designator=L2(FP-LQW18AN_10-MFG)
Add Component: Footprint Not Found MHDR1X2
Added Component: Designator=OLED1(61300411121)
Add component (AddParameter): Name = "Contact Resistance"; Value = "20mOhm"; VariantName = "[No Variations]"
Add component (AddParameter): Name = "Datasheet URL"; Value = "https://katalog.we-online.de/em/datasheet/6130xx11121.pdf"; VariantName = "[No Variations]"
Add component (AddParameter): Name = "Gender"; Value = "Male"; VariantName = "[No Variations]"
Add component (AddParameter): Name = "Manufacturer"; Value = "Wurth Elektronik"; VariantName = "[No Variations]"
Add component (AddParameter): Name = "Manufacturer URL"; Value = "http://www.we-online.de"; VariantName = "[No Variations]"
Add component (AddParameter): Name = "Mounting Technology"; Value = "THT"; VariantName = "[No Variations]"
Add component (AddParameter): Name = "Operating Temperature"; Value = "-40to105degC"; VariantName = "[No Variations]"
Add component (AddParameter): Name = "Orientation"; Value = "Vertical"; VariantName = "[No Variations]"
Add component (AddParameter): Name = "Package Reference"; Value = "61300411121"; VariantName = "[No Variations]"
Add component (AddParameter): Name = "Packaging"; Value = "Bag"; VariantName = "[No Variations]"
Add component (AddParameter): Name = "Part Number"; Value = "61300411121"; VariantName = "[No Variations]"
Add component (AddParameter): Name = "Pin Number"; Value = "4"; VariantName = "[No Variations]"
Add component (AddParameter): Name = "Pitch"; Value = "2.54mm"; VariantName = "[No Variations]"
Add component (AddParameter): Name = "Publisher"; Value = "WurthElektronik"; VariantName = "[No Variations]"
Add component (AddParameter): Name = "Rated Current"; Value = "3A"; VariantName = "[No Variations]"
Add component (AddParameter): Name = "Row Number"; Value = "Single"; VariantName = "[No Variations]"
Add component (AddParameter): Name = "Withstanding Voltage"; Value = "500VAC"; VariantName = "[No Variations]"
Add component (AddParameter): Name = "Working Voltage"; Value = "250VAC"; VariantName = "[No Variations]"
Added Component: Designator=P1(JST-S2B-PH-K-S_V)
Add component (AddParameter): Name = "Capacitance"; Value = "10 uF"; VariantName = "[No Variations]"
Add component (AddParameter): Name = "Case\Package"; Value = "Radial"; VariantName = "[No Variations]"
Add component (AddParameter): Name = "ComponentLink1Description"; Value = "Datasheet"; VariantName = "[No Variations]"
Add component (AddParameter): Name = "ComponentLink1URL"; Value = "http://www.jst-mfg.com/product/pdf/eng/ePH.pdf"; VariantName = "[No Variations]"
Add component (AddParameter): Name = "DatasheetVersion"; Value = "Dec-12"; VariantName = "[No Variations]"
Add component (AddParameter): Name = "Diameter"; Value = "5 mm"; VariantName = "[No Variations]"
Add component (AddParameter): Name = "Height"; Value = "11 mm"; VariantName = "[No Variations]"
Add component (AddParameter): Name = "Lead Pitch"; Value = "2 mm"; VariantName = "[No Variations]"
Add component (AddParameter): Name = "Length"; Value = "11 mm"; VariantName = "[No Variations]"
Add component (AddParameter): Name = "Max Operating Temperature"; Value = "85 degC"; VariantName = "[No Variations]"
Add component (AddParameter): Name = "Min Operating Temperature"; Value = "-40 degC"; VariantName = "[No Variations]"
Add component (AddParameter): Name = "Mount"; Value = "Through Hole"; VariantName = "[No Variations]"
Add component (AddParameter): Name = "Package Quantity"; Value = "200"; VariantName = "[No Variations]"
Add component (AddParameter): Name = "PackageDescription"; Value = "Male Header, Pitch 2 mm, 1 x 2 Position, Height 4.8 mm, Tail Length 3.4 mm"; VariantName = "[No Variations]"
Add component (AddParameter): Name = "PackageReference"; Value = "S2B-PH-K-S"; VariantName = "[No Variations]"
Add component (AddParameter): Name = "Packaging"; Value = "Bulk"; VariantName = "[No Variations]"
Add component (AddParameter): Name = "Pins"; Value = "2"; VariantName = "[No Variations]"
Add component (AddParameter): Name = "Radiation Hardening"; Value = "No"; VariantName = "[No Variations]"
Add component (AddParameter): Name = "REACH SVHC"; Value = "No SVHC"; VariantName = "[No Variations]"
Add component (AddParameter): Name = "RoHSCompliant"; Value = "true"; VariantName = "[No Variations]"
Add component (AddParameter): Name = "Tolerance"; Value = "20%"; VariantName = "[No Variations]"
Add component (AddParameter): Name = "Voltage Rating"; Value = "50 V"; VariantName = "[No Variations]"
Add component (AddParameter): Name = "Voltage Rating (DC)"; Value = "50 V"; VariantName = "[No Variations]"
Add Component: Footprint Not Found RES_1206
Add Component: Footprint Not Found RES_1206
Add Component: Footprint Not Found RES_1206
Add Component: Footprint Not Found RES_1206
Add Component: Footprint Not Found RES_1206
Add Component: Footprint Not Found RES_1206
Add Component: Footprint Not Found RES_1206
Add Component: Footprint Not Found RES_1206
Add Component: Footprint Not Found RES_1206
Add Component: Footprint Not Found Switch/Button 4 Pin Through Hole
Added Component: Designator=U1(SOT95P270X145-5N)
Add component (AddParameter): Name = "Arrow_Electronics-Purchase-URL"; Value = "https://snapeda.com/shop?store=Arrow+Electronics&id=1099789"; VariantName = "[No Variations]"
Add component (AddParameter): Name = "Arrow_Purchase_URL"; Value = ""; VariantName = "[No Variations]"
Add component (AddParameter): Name = "MF"; Value = "Microchip"; VariantName = "[No Variations]"
Add component (AddParameter): Name = "Mouser-Purchase-URL"; Value = "https://snapeda.com/shop?store=Mouser&id=1099789"; VariantName = "[No Variations]"
Add component (AddParameter): Name = "MP"; Value = "MCP73831T-3ACI/OT"; VariantName = "[No Variations]"
Add component (AddParameter): Name = "Package"; Value = "SOT-23-5 Microchip"; VariantName = "[No Variations]"
Add component (AddParameter): Name = "SnapEDA_Link"; Value = "https://www.snapeda.com/parts/MCP73831T-3ACI/OT/Microchip/view-part/1099789/?ref=snap"; VariantName = "[No Variations]"
Add component (AddParameter): Name = "Value"; Value = ""; VariantName = "[No Variations]"
Added Component: Designator=U2(FP-SOT89-MFG)
Add component (AddParameter): Name = "Accuracy Percentage"; Value = "1%"; VariantName = "[No Variations]"
Add component (AddParameter): Name = "Automotive"; Value = "No"; VariantName = "[No Variations]"
Add component (AddParameter): Name = "Category"; Value = "IC"; VariantName = "[No Variations]"
Add component (AddParameter): Name = "ComponentLink2Description"; Value = "Datasheet"; VariantName = "[No Variations]"
Add component (AddParameter): Name = "ComponentLink2URL"; Value = "https://www.diodes.com/assets/Datasheets/AZ1117C.pdf"; VariantName = "[No Variations]"
Add component (AddParameter): Name = "Device Class L1"; Value = "Integrated Circuits (ICs)"; VariantName = "[No Variations]"
Add component (AddParameter): Name = "Device Class L2"; Value = "Power Management ICs"; VariantName = "[No Variations]"
Add component (AddParameter): Name = "Device Class L3"; Value = "Voltage Regulators - Linear"; VariantName = "[No Variations]"
Add component (AddParameter): Name = "Digikey Description"; Value = "IC REG LINEAR 3.3V 800MA SOT89"; VariantName = "[No Variations]"
Add component (AddParameter): Name = "Dropout Voltage"; Value = "1.2V"; VariantName = "[No Variations]"
Add component (AddParameter): Name = "Footprint Url"; Value = "https://www.diodes.com/assets/Package-Files/SOT89.pdf"; VariantName = "[No Variations]"
Add component (AddParameter): Name = "Height"; Value = "1.6mm"; VariantName = "[No Variations]"
Add component (AddParameter): Name = "Lead Free"; Value = "Yes"; VariantName = "[No Variations]"
Add component (AddParameter): Name = "Manufacturer"; Value = "Diodes Inc."; VariantName = "[No Variations]"
Add component (AddParameter): Name = "Manufacturer Part Number"; Value = "AZ1117CR-3.3TRG1"; VariantName = "[No Variations]"
Add component (AddParameter): Name = "Max Junction Temp"; Value = "+125°C"; VariantName = "[No Variations]"
Add component (AddParameter): Name = "Max Supply Voltage"; Value = "15V"; VariantName = "[No Variations]"
Add component (AddParameter): Name = "Mouser Description"; Value = "DiodesZetex AZ1117CR-3.3TRG1, LDO Regulator, 800mA, 3.3 V, ±1% 3-Pin, SOT-89"; VariantName = "[No Variations]"
Add component (AddParameter): Name = "Nominal Supply Current"; Value = "4mA"; VariantName = "[No Variations]"
Add component (AddParameter): Name = "Number Of Outputs"; Value = "1"; VariantName = "[No Variations]"
Add component (AddParameter): Name = "Octopart"; Value = "https://octopart.com/az1117cr-3.3trg1-diodes+inc.-30954805"; VariantName = "[No Variations]"
Add component (AddParameter): Name = "Output Current"; Value = "1.35A"; VariantName = "[No Variations]"
Add component (AddParameter): Name = "Output Type"; Value = "Fixed"; VariantName = "[No Variations]"
Add component (AddParameter): Name = "Output Voltage"; Value = "3.3V"; VariantName = "[No Variations]"
Add component (AddParameter): Name = "Package"; Value = "SOT89"; VariantName = "[No Variations]"
Add component (AddParameter): Name = "RoHS"; Value = "TRUE"; VariantName = "[No Variations]"
Add component (AddParameter): Name = "Temperature"; Value = "-20°C to +125°C"; VariantName = "[No Variations]"
Add component (AddParameter): Name = "Temperature Range High"; Value = "+125°C"; VariantName = "[No Variations]"
Add component (AddParameter): Name = "Temperature Range Low"; Value = "-20°C"; VariantName = "[No Variations]"
Added Component: Designator=U3(FP-UX-MFG)
Add component (AddParameter): Name = "RoHS Compliant"; Value = "Yes"; VariantName = "[No Variations]"
Added Component: Designator=VBAT1(KSTN-5003)
Add component (AddParameter): Name = "Case/Package"; Value = "5003"; VariantName = "[No Variations]"
Add component (AddParameter): Name = "Colour"; Value = "Orange"; VariantName = "[No Variations]"
Add component (AddParameter): Name = "Connector Type"; Value = "TestPoint"; VariantName = "[No Variations]"
Add component (AddParameter): Name = "Contact Material"; Value = "Bronze"; VariantName = "[No Variations]"
Add component (AddParameter): Name = "Contact Plating"; Value = "Tin"; VariantName = "[No Variations]"
Add component (AddParameter): Name = "Datasheet URL"; Value = "http://keyelco.com/userAssets/file/M65p56.pdf"; VariantName = "[No Variations]"
Add component (AddParameter): Name = "Datasheet Version"; Value = "Jun-15"; VariantName = "[No Variations]"
Add component (AddParameter): Name = "Diameter"; Value = "2.54mm"; VariantName = "[No Variations]"
Add component (AddParameter): Name = "Gender"; Value = ""; VariantName = "[No Variations]"
Add component (AddParameter): Name = "Manufacturer"; Value = "Keystone"; VariantName = "[No Variations]"
Add component (AddParameter): Name = "Manufacturer URL"; Value = "http://www.keyelco.com/"; VariantName = "[No Variations]"
Add component (AddParameter): Name = "Max Current Rating"; Value = ""; VariantName = "[No Variations]"
Add component (AddParameter): Name = "Max Operating Temperature"; Value = ""; VariantName = "[No Variations]"
Add component (AddParameter): Name = "Min Operating Temperature"; Value = ""; VariantName = "[No Variations]"
Add component (AddParameter): Name = "Mounting Technology"; Value = "TH"; VariantName = "[No Variations]"
Add component (AddParameter): Name = "Package Description"; Value = "1-Pin Through Hole Device, Dia 2.54 mm"; VariantName = "[No Variations]"
Add component (AddParameter): Name = "Package Quantity"; Value = "10"; VariantName = "[No Variations]"
Add component (AddParameter): Name = "Package Reference"; Value = "5003"; VariantName = "[No Variations]"
Add component (AddParameter): Name = "Packaging"; Value = "Bulk"; VariantName = "[No Variations]"
Add component (AddParameter): Name = "Pins"; Value = "1"; VariantName = "[No Variations]"
Add component (AddParameter): Name = "RoHS Compliant"; Value = "True"; VariantName = "[No Variations]"
Add component (AddParameter): Name = "Voltage Rating"; Value = ""; VariantName = "[No Variations]"
Added Component: Designator=VBUS1(KSTN-5003)
Add component (AddParameter): Name = "Case/Package"; Value = "5003"; VariantName = "[No Variations]"
Add component (AddParameter): Name = "Colour"; Value = "Orange"; VariantName = "[No Variations]"
Add component (AddParameter): Name = "Connector Type"; Value = "TestPoint"; VariantName = "[No Variations]"
Add component (AddParameter): Name = "Contact Material"; Value = "Bronze"; VariantName = "[No Variations]"
Add component (AddParameter): Name = "Contact Plating"; Value = "Tin"; VariantName = "[No Variations]"
Add component (AddParameter): Name = "Datasheet URL"; Value = "http://keyelco.com/userAssets/file/M65p56.pdf"; VariantName = "[No Variations]"
Add component (AddParameter): Name = "Datasheet Version"; Value = "Jun-15"; VariantName = "[No Variations]"
Add component (AddParameter): Name = "Diameter"; Value = "2.54mm"; VariantName = "[No Variations]"
Add component (AddParameter): Name = "Gender"; Value = ""; VariantName = "[No Variations]"
Add component (AddParameter): Name = "Manufacturer"; Value = "Keystone"; VariantName = "[No Variations]"
Add component (AddParameter): Name = "Manufacturer URL"; Value = "http://www.keyelco.com/"; VariantName = "[No Variations]"
Add component (AddParameter): Name = "Max Current Rating"; Value = ""; VariantName = "[No Variations]"
Add component (AddParameter): Name = "Max Operating Temperature"; Value = ""; VariantName = "[No Variations]"
Add component (AddParameter): Name = "Min Operating Temperature"; Value = ""; VariantName = "[No Variations]"
Add component (AddParameter): Name = "Mounting Technology"; Value = "TH"; VariantName = "[No Variations]"
Add component (AddParameter): Name = "Package Description"; Value = "1-Pin Through Hole Device, Dia 2.54 mm"; VariantName = "[No Variations]"
Add component (AddParameter): Name = "Package Quantity"; Value = "10"; VariantName = "[No Variations]"
Add component (AddParameter): Name = "Package Reference"; Value = "5003"; VariantName = "[No Variations]"
Add component (AddParameter): Name = "Packaging"; Value = "Bulk"; VariantName = "[No Variations]"
Add component (AddParameter): Name = "Pins"; Value = "1"; VariantName = "[No Variations]"
Add component (AddParameter): Name = "RoHS Compliant"; Value = "True"; VariantName = "[No Variations]"
Add component (AddParameter): Name = "Voltage Rating"; Value = ""; VariantName = "[No Variations]"
Add Component: Footprint Not Found PAD_SQ_2MM
Added Component: Designator=Y1(8Z40000MAAJT)
Add component (AddParameter): Name = "Arrow Part Number"; Value = "8Z-40.000MAAJ-T"; VariantName = "[No Variations]"
Add component (AddParameter): Name = "Arrow Price/Stock"; Value = "https://www.arrow.com/en/products/8z-40.000maaj-t/txc-corporation"; VariantName = "[No Variations]"
Add component (AddParameter): Name = "Datasheet Link"; Value = "https://www.farnell.com/datasheets/1041872.pdf"; VariantName = "[No Variations]"
Add component (AddParameter): Name = "Height"; Value = "0.55mm"; VariantName = "[No Variations]"
Add component (AddParameter): Name = "Manufacturer_Name"; Value = "TXC CORPORATION"; VariantName = "[No Variations]"
Add component (AddParameter): Name = "Manufacturer_Part_Number"; Value = "8Z-40.000MAAJ-T"; VariantName = "[No Variations]"
Add component (AddParameter): Name = "Mouser Part Number"; Value = ""; VariantName = "[No Variations]"
Add component (AddParameter): Name = "Mouser Price/Stock"; Value = ""; VariantName = "[No Variations]"
Added Pin To Net: NetName=3.3V_RF Pin=IC1-2
Added Pin To Net: NetName=3.3V_RF Pin=IC1-3
Added Pin To Net: NetName=3.3V_RF Pin=L1-1
Added Net: Name=3.3V_RF
Added Pin To Net: NetName=3.3V Pin=1-1
Added Pin To Net: NetName=3.3V Pin=I1-2
Added Pin To Net: NetName=3.3V Pin=L1-2
Added Pin To Net: NetName=3.3V Pin=OLED1-2
Added Pin To Net: NetName=3.3V Pin=U2-2
Added Net: Name=3.3V
Added Pin To Net: NetName=Bat_Prog Pin=U1-5
Added Net: Name=Bat_Prog
Added Pin To Net: NetName=D_USB_N Pin=D1-3
Added Pin To Net: NetName=D_USB_N Pin=IC1-25
Added Net: Name=D_USB_N
Added Pin To Net: NetName=D_USB_P Pin=D1-4
Added Pin To Net: NetName=D_USB_P Pin=IC1-26
Added Net: Name=D_USB_P
Added Pin To Net: NetName=EN Pin=IC1-7
Added Net: Name=EN
Added Pin To Net: NetName=GND Pin=Buz1-2
Added Pin To Net: NetName=GND Pin=D1-1
Added Pin To Net: NetName=GND Pin=D3-C
Added Pin To Net: NetName=GND Pin=D4-C
Added Pin To Net: NetName=GND Pin=I1-1
Added Pin To Net: NetName=GND Pin=IC1-33
Added Pin To Net: NetName=GND Pin=OLED1-1
Added Pin To Net: NetName=GND Pin=P1-1
Added Pin To Net: NetName=GND Pin=U1-2
Added Pin To Net: NetName=GND Pin=U2-1
Added Pin To Net: NetName=GND Pin=U3-4
Added Pin To Net: NetName=GND Pin=U3-9
Added Pin To Net: NetName=GND Pin=Y1-2
Added Pin To Net: NetName=GND Pin=Y1-4
Added Net: Name=GND
Added Pin To Net: NetName=GPIO2 Pin=Buz1-1
Added Pin To Net: NetName=GPIO2 Pin=IC1-6
Added Net: Name=GPIO2
Added Pin To Net: NetName=GPIO9/SDA Pin=I1-4
Added Pin To Net: NetName=GPIO9/SDA Pin=IC1-15
Added Pin To Net: NetName=GPIO9/SDA Pin=OLED1-4
Added Net: Name=GPIO9/SDA
Added Pin To Net: NetName=NetC1_1 Pin=IC1-11
Added Pin To Net: NetName=NetC1_1 Pin=IC1-17
Added Pin To Net: NetName=NetC1_1 Pin=IC1-31
Added Pin To Net: NetName=NetC1_1 Pin=IC1-32
Added Net: Name=NetC1_1
Added Pin To Net: NetName=NetD2_C Pin=D2-C
Added Net: Name=NetD2_C
Added Pin To Net: NetName=NetD3_A Pin=D3-A
Added Net: Name=NetD3_A
Added Pin To Net: NetName=NetD4_A Pin=D4-A
Added Net: Name=NetD4_A
Added Net: Name=NetJ1_A5
Added Net: Name=NetJ1_B5
Added Pin To Net: NetName=NetR6_1 Pin=U1-1
Added Net: Name=NetR6_1
Added Pin To Net: NetName=RF1 Pin=IC1-1
Added Pin To Net: NetName=RF1 Pin=L2-1
Added Net: Name=RF1
Added Pin To Net: NetName=RF2 Pin=L2-2
Added Net: Name=RF2
Added Pin To Net: NetName=SCL Pin=I1-3
Added Pin To Net: NetName=SCL Pin=IC1-14
Added Pin To Net: NetName=SCL Pin=OLED1-3
Added Net: Name=SCL
Added Pin To Net: NetName=SPI_CLK Pin=IC1-22
Added Pin To Net: NetName=SPI_CLK Pin=U3-6
Added Net: Name=SPI_CLK
Added Pin To Net: NetName=SPI_CS0 Pin=IC1-21
Added Pin To Net: NetName=SPI_CS0 Pin=U3-1
Added Net: Name=SPI_CS0
Added Pin To Net: NetName=SPI_DI Pin=IC1-23
Added Pin To Net: NetName=SPI_DI Pin=U3-5
Added Net: Name=SPI_DI
Added Pin To Net: NetName=SPI_DO Pin=IC1-24
Added Pin To Net: NetName=SPI_DO Pin=U3-2
Added Net: Name=SPI_DO
Added Pin To Net: NetName=SPI_Hold Pin=IC1-19
Added Pin To Net: NetName=SPI_Hold Pin=U3-7
Added Net: Name=SPI_Hold
Added Pin To Net: NetName=SPI_VCC Pin=IC1-18
Added Pin To Net: NetName=SPI_VCC Pin=U3-8
Added Net: Name=SPI_VCC
Added Pin To Net: NetName=SPI_Wp Pin=IC1-20
Added Pin To Net: NetName=SPI_Wp Pin=U3-3
Added Net: Name=SPI_Wp
Added Pin To Net: NetName=VBAT Pin=P1-2
Added Pin To Net: NetName=VBAT Pin=U1-3
Added Pin To Net: NetName=VBAT Pin=U2-3
Added Pin To Net: NetName=VBAT Pin=VBAT1-1
Added Net: Name=VBAT
Added Pin To Net: NetName=VBUS Pin=D1-2
Added Pin To Net: NetName=VBUS Pin=D2-A
Added Pin To Net: NetName=VBUS Pin=U1-4
Added Pin To Net: NetName=VBUS Pin=VBUS1-1
Added Net: Name=VBUS
Added Pin To Net: NetName=XTAL_N Pin=IC1-29
Added Pin To Net: NetName=XTAL_N Pin=Y1-3
Added Net: Name=XTAL_N
Added Pin To Net: NetName=XTAL_P Pin=IC1-30
Added Pin To Net: NetName=XTAL_P Pin=Y1-1
Added Net: Name=XTAL_P
Added Class: Name=CPU_Schem
Added Differential Pair: Name=D_USB
