Added Component: Designator=ANT1(PCB_Antenna_2.4GHz_50Ohm)
Added Component: Designator=C1(CAP_1206)
Added Component: Designator=C2(CAP_1206)
Added Component: Designator=C3(CAP_1206)
Added Component: Designator=C4(CAP_1206)
Added Component: Designator=C5(CAP_1206)
Added Component: Designator=C6(CAP_1206)
Added Component: Designator=C7(CAP_1206)
Added Component: Designator=C8(CAP_1206)
Added Component: Designator=C9(CAP_1206)
Added Component: Designator=C10(CAP_1206)
Added Component: Designator=C11(CAP_1206)
Added Component: Designator=C12(CAP_1206)
Added Component: Designator=C13(CAP_1206)
Added Component: Designator=C14(CAP_1206)
Added Component: Designator=C15(CAP_1206)
Added Component: Designator=C16(CAP_1206)
Added Component: Designator=J1(USB4105-GF-A-060)
Add component (AddParameter): Name = "Manufacturer"; Value = "GCT"; VariantName = "[No Variations]"
Add component (AddParameter): Name = "Manufacturer Part Number"; Value = "USB4105-GF-A-060"; VariantName = "[No Variations]"
Add Component: Footprint Not Found MHDR1X2
Added Component: Designator=R1(RES_1206)
Added Component: Designator=R2(RES_1206)
Added Component: Designator=R3(RES_1206)
Added Component: Designator=R4(RES_1206)
Added Component: Designator=R5(RES_1206)
Added Component: Designator=R6(RES_1206)
Added Component: Designator=R7(RES_1206)
Added Component: Designator=R8(RES_1206)
Added Component: Designator=R9(RES_1206)
Added Component: Designator=Sw-Boot1(Switch/Button 4 Pin Through Hole)
Add component (AddParameter): Name = "Availability"; Value = "In Stock"; VariantName = "[No Variations]"
Add component (AddParameter): Name = "Check_prices"; Value = "https://www.snapeda.com/parts/TS02-66-120-BK-260-LCR-D/CUI+Devices/view-part/?ref=eda"; VariantName = "[No Variations]"
Add component (AddParameter): Name = "CUI_purchase_URL"; Value = "https://www.cuidevices.com/product/switches/tactile-switches/ts02-series?utm_source=snapeda.com&utm_medium=referral&utm_campaign=snapedaBOM"; VariantName = "[No Variations]"
Add component (AddParameter): Name = "MF"; Value = "CUI Devices"; VariantName = "[No Variations]"
Add component (AddParameter): Name = "MP"; Value = "TS02-66-120-BK-260-LCR-D"; VariantName = "[No Variations]"
Add component (AddParameter): Name = "Package"; Value = "None"; VariantName = "[No Variations]"
Add component (AddParameter): Name = "Price"; Value = "None"; VariantName = "[No Variations]"
Add component (AddParameter): Name = "Purchase-URL"; Value = "https://pricing.snapeda.com/search/part/TS02-66-120-BK-260-LCR-D/?ref=eda"; VariantName = "[No Variations]"
Add component (AddParameter): Name = "SnapEDA_Link"; Value = "https://www.snapeda.com/parts/TS02-66-120-BK-260-LCR-D/CUI+Devices/view-part/?ref=snap"; VariantName = "[No Variations]"
Add component (AddParameter): Name = "Value"; Value = ""; VariantName = "[No Variations]"
Added Component: Designator=XTAL1(PAD_SQ_2MM)
Added Pin To Net: NetName=RF2 Pin=ANT1-1
Added Pin To Net: NetName=RF2 Pin=ANT1-1
Added Pin To Net: NetName=RF2 Pin=ANT1-1
Added Pin To Net: NetName=RF2 Pin=ANT1-1
Added Pin To Net: NetName=RF2 Pin=ANT1-1
Added Pin To Net: NetName=RF2 Pin=ANT1-1
Added Pin To Net: NetName=RF2 Pin=ANT1-1
Added Pin To Net: NetName=RF2 Pin=ANT1-1
Added Pin To Net: NetName=RF2 Pin=ANT1-1
Added Pin To Net: NetName=RF2 Pin=ANT1-1
Added Pin To Net: NetName=RF2 Pin=ANT1-1
Added Pin To Net: NetName=GND Pin=ANT1-2
Added Pin To Net: NetName=NetC1_1 Pin=C1-1
Added Pin To Net: NetName=3.3V Pin=C1-2
Added Pin To Net: NetName=NetC1_1 Pin=C2-1
Added Pin To Net: NetName=3.3V Pin=C2-2
Added Pin To Net: NetName=NetC1_1 Pin=C3-1
Added Pin To Net: NetName=3.3V Pin=C3-2
Added Pin To Net: NetName=NetC1_1 Pin=C4-1
Added Pin To Net: NetName=3.3V Pin=C4-2
Added Pin To Net: NetName=GND Pin=C5-1
Added Pin To Net: NetName=3.3V_RF Pin=C5-2
Added Pin To Net: NetName=GND Pin=C6-1
Added Pin To Net: NetName=3.3V Pin=C6-2
Added Pin To Net: NetName=GND Pin=C7-1
Added Pin To Net: NetName=3.3V Pin=C7-2
Added Pin To Net: NetName=GND Pin=C8-1
Added Pin To Net: NetName=RF1 Pin=C8-2
Added Pin To Net: NetName=GND Pin=C9-1
Added Pin To Net: NetName=RF2 Pin=C9-2
Added Pin To Net: NetName=GND Pin=C10-1
Added Pin To Net: NetName=VBAT Pin=C10-2
Added Pin To Net: NetName=GND Pin=C11-1
Added Pin To Net: NetName=VBUS Pin=C11-2
Added Pin To Net: NetName=GND Pin=C12-1
Added Pin To Net: NetName=XTAL_P Pin=C12-2
Added Pin To Net: NetName=GND Pin=C13-1
Added Pin To Net: NetName=XTAL_N Pin=C13-2
Added Pin To Net: NetName=GND Pin=C14-1
Added Pin To Net: NetName=VBAT Pin=C14-2
Added Pin To Net: NetName=GND Pin=C15-1
Added Pin To Net: NetName=3.3V Pin=C15-2
Added Pin To Net: NetName=GND Pin=C16-1
Added Pin To Net: NetName=GPIO9/SDA Pin=C16-2
Added Pin To Net: NetName=GND Pin=J1-A1B12
Added Pin To Net: NetName=VBUS Pin=J1-A4B9
Added Pin To Net: NetName=NetJ1_A5 Pin=J1-A5
Added Pin To Net: NetName=D_USB_P Pin=J1-A6
Added Pin To Net: NetName=D_USB_N Pin=J1-A7
Added Pin To Net: NetName=GND Pin=J1-B1A12
Added Pin To Net: NetName=VBUS Pin=J1-B4A9
Added Pin To Net: NetName=NetJ1_B5 Pin=J1-B5
Added Pin To Net: NetName=D_USB_P Pin=J1-B6
Added Pin To Net: NetName=D_USB_N Pin=J1-B7
Add Pin To Net: Unknown Pin: Pin NoBat1-1
Add Pin To Net: Unknown Pin: Pin NoBat1-2
Added Pin To Net: NetName=3.3V Pin=R1-1
Added Pin To Net: NetName=GPIO9/SDA Pin=R1-2
Added Pin To Net: NetName=3.3V Pin=R2-1
Added Pin To Net: NetName=SCL Pin=R2-2
Added Pin To Net: NetName=GND Pin=R3-1
Added Pin To Net: NetName=NetJ1_B5 Pin=R3-2
Added Pin To Net: NetName=GND Pin=R4-1
Added Pin To Net: NetName=NetJ1_A5 Pin=R4-2
Added Pin To Net: NetName=GND Pin=R5-1
Added Pin To Net: NetName=Bat_Prog Pin=R5-2
Added Pin To Net: NetName=NetR6_1 Pin=R6-1
Added Pin To Net: NetName=NetD2_C Pin=R6-2
Added Pin To Net: NetName=NetD3_A Pin=R7-1
Added Pin To Net: NetName=VBAT Pin=R7-2
Added Pin To Net: NetName=NetD4_A Pin=R8-1
Added Pin To Net: NetName=3.3V Pin=R8-2
Added Pin To Net: NetName=3.3V Pin=R9-1
Added Pin To Net: NetName=GPIO9/SDA Pin=R9-2
Added Pin To Net: NetName=GPIO9/SDA Pin=Sw-Boot1-1
Added Pin To Net: NetName=GPIO9/SDA Pin=Sw-Boot1-2
Added Pin To Net: NetName=GND Pin=Sw-Boot1-3
Added Pin To Net: NetName=GND Pin=Sw-Boot1-4
Added Pin To Net: NetName=XTAL_P Pin=XTAL1-1
Added Member To Class: ClassName=CPU_Schem Member=Component ANT1 Antenna 2.4Ghz 50Ohm PCB
Added Member To Class: ClassName=CPU_Schem Member=Component C1 10u
Added Member To Class: ClassName=CPU_Schem Member=Component C2 100n
Added Member To Class: ClassName=CPU_Schem Member=Component C3 100n
Added Member To Class: ClassName=CPU_Schem Member=Component C4 100n
Added Member To Class: ClassName=CPU_Schem Member=Component C5 100n
Added Member To Class: ClassName=CPU_Schem Member=Component C6 100n
Added Member To Class: ClassName=CPU_Schem Member=Component C7 10u
Added Member To Class: ClassName=CPU_Schem Member=Component C8 3p3
Added Member To Class: ClassName=CPU_Schem Member=Component C9 3p3
Added Member To Class: ClassName=CPU_Schem Member=Component C10 4u7
Added Member To Class: ClassName=CPU_Schem Member=Component C11 4u7
Added Member To Class: ClassName=CPU_Schem Member=Component C12 27p
Added Member To Class: ClassName=CPU_Schem Member=Component C13 27p
Added Member To Class: ClassName=CPU_Schem Member=Component C14 10u
Added Member To Class: ClassName=CPU_Schem Member=Component C15 22u
Added Member To Class: ClassName=CPU_Schem Member=Component C16 10n
Added Member To Class: ClassName=CPU_Schem Member=Component J1 USB4105-GF-A-060
Add Class Member: Failed to add class member : Component NoBat1 VBUS
Added Member To Class: ClassName=CPU_Schem Member=Component R1 2k2
Added Member To Class: ClassName=CPU_Schem Member=Component R2 2k2
Added Member To Class: ClassName=CPU_Schem Member=Component R3 5k1
Added Member To Class: ClassName=CPU_Schem Member=Component R4 5k1
Added Member To Class: ClassName=CPU_Schem Member=Component R5 22k
Added Member To Class: ClassName=CPU_Schem Member=Component R6 470
Added Member To Class: ClassName=CPU_Schem Member=Component R7 10k
Added Member To Class: ClassName=CPU_Schem Member=Component R8 10k
Added Member To Class: ClassName=CPU_Schem Member=Component R9 10k
Added Member To Class: ClassName=CPU_Schem Member=Component Sw-Boot1 SWEN
Added Member To Class: ClassName=CPU_Schem Member=Component XTAL1 Pad
